This file contains any messages produced by compilers while
running configure, to aid debugging if configure makes a mistake.

It was created by sleuthkit configure 4.10.1, which was
generated by GNU Autoconf 2.69.  Invocation command line was

  $ ./configure 

## --------- ##
## Platform. ##
## --------- ##

hostname = HyungChanui-MacBookPro.local
uname -m = x86_64
uname -r = 18.7.0
uname -s = Darwin
uname -v = Darwin Kernel Version 18.7.0: Tue Aug 20 16:57:14 PDT 2019; root:xnu-4903.271.2~2/RELEASE_X86_64

/usr/bin/uname -p = i386
/bin/uname -X     = unknown

/bin/arch              = unknown
/usr/bin/arch -k       = unknown
/usr/convex/getsysinfo = unknown
/usr/bin/hostinfo      = Mach kernel version:
	 Darwin Kernel Version 18.7.0: Tue Aug 20 16:57:14 PDT 2019; root:xnu-4903.271.2~2/RELEASE_X86_64
Kernel configured for up to 12 processors.
6 processors are physically available.
12 processors are logically available.
Processor type: x86_64h (Intel x86-64h Haswell)
Processors active: 0 1 2 3 4 5 6 7 8 9 10 11
Primary memory available: 16.00 gigabytes
Default processor set: 428 tasks, 2586 threads, 12 processors
Load average: 3.71, Mach factor: 8.27
/bin/machine           = unknown
/usr/bin/oslevel       = unknown
/bin/universe          = unknown

PATH: /Users/hyungchankim/.zplugin/plugins/raylee---tldr
PATH: /Users/hyungchankim/.zplugin/polaris/sbin
PATH: /Users/hyungchankim/.zplugin/polaris/bin
PATH: /usr/local/bin
PATH: /usr/bin
PATH: /bin
PATH: /usr/sbin
PATH: /sbin
PATH: /Applications/VMware Fusion.app/Contents/Public
PATH: /opt/X11/bin


## ----------- ##
## Core tests. ##
## ----------- ##

configure:2773: checking for a BSD-compatible install
configure:2841: result: /usr/bin/install -c
configure:2852: checking whether build environment is sane
configure:2907: result: yes
configure:3058: checking for a thread-safe mkdir -p
configure:3097: result: config/install-sh -c -d
configure:3104: checking for gawk
configure:3134: result: no
configure:3104: checking for mawk
configure:3134: result: no
configure:3104: checking for nawk
configure:3134: result: no
configure:3104: checking for awk
configure:3120: found /usr/bin/awk
configure:3131: result: awk
configure:3142: checking whether make sets $(MAKE)
configure:3164: result: yes
configure:3193: checking whether make supports nested variables
configure:3210: result: yes
configure:3299: checking whether UID '501' is supported by ustar format
configure:3302: result: yes
configure:3309: checking whether GID '20' is supported by ustar format
configure:3312: result: yes
configure:3320: checking how to create a ustar tar archive
configure:3331: tar --version
bsdtar 2.8.3 - libarchive 2.8.3
configure:3334: $? = 0
configure:3374: tardir=conftest.dir && eval tar --format=ustar -chf - "$tardir" >conftest.tar
configure:3377: $? = 0
configure:3381: tar -xf - <conftest.tar
configure:3384: $? = 0
configure:3386: cat conftest.dir/file
GrepMe
configure:3389: $? = 0
configure:3402: result: gnutar
configure:3486: checking for cppunit-config
configure:3517: result: no
configure:3527: checking for Cppunit - version >= 1.12.1
configure:3531: result: no
configure:3630: checking build system type
configure:3644: result: x86_64-apple-darwin18.7.0
configure:3664: checking host system type
configure:3677: result: x86_64-apple-darwin18.7.0
configure:3718: checking how to print strings
configure:3745: result: printf
configure:3770: checking whether make supports the include directive
configure:3785: make -f confmf.GNU && cat confinc.out
this is the am__doit target
configure:3788: $? = 0
configure:3807: result: yes (GNU style)
configure:3877: checking for gcc
configure:3893: found /usr/bin/gcc
configure:3904: result: gcc
configure:4133: checking for C compiler version
configure:4142: gcc --version >&5
Apple clang version 11.0.0 (clang-1100.0.33.17)
Target: x86_64-apple-darwin18.7.0
Thread model: posix
InstalledDir: /Applications/Xcode.app/Contents/Developer/Toolchains/XcodeDefault.xctoolchain/usr/bin
Configured with: --prefix=/Applications/Xcode.app/Contents/Developer/usr --with-gxx-include-dir=/Library/Developer/CommandLineTools/SDKs/MacOSX.sdk/usr/include/c++/4.2.1
configure:4153: $? = 0
configure:4142: gcc -v >&5
Configured with: --prefix=/Applications/Xcode.app/Contents/Developer/usr --with-gxx-include-dir=/Library/Developer/CommandLineTools/SDKs/MacOSX.sdk/usr/include/c++/4.2.1
Apple clang version 11.0.0 (clang-1100.0.33.17)
Target: x86_64-apple-darwin18.7.0
Thread model: posix
InstalledDir: /Applications/Xcode.app/Contents/Developer/Toolchains/XcodeDefault.xctoolchain/usr/bin
configure:4153: $? = 0
configure:4142: gcc -V >&5
clang: error: unsupported option '-V -Wno-framework-include-private-from-public'
clang: error: no input files
configure:4153: $? = 1
configure:4142: gcc -qversion >&5
clang: error: unknown argument '-qversion', did you mean '--version'?
clang: error: no input files
configure:4153: $? = 1
configure:4173: checking whether the C compiler works
configure:4195: gcc    conftest.c  >&5
configure:4199: $? = 0
configure:4247: result: yes
configure:4250: checking for C compiler default output file name
configure:4252: result: a.out
configure:4258: checking for suffix of executables
configure:4265: gcc -o conftest    conftest.c  >&5
configure:4269: $? = 0
configure:4291: result: 
configure:4313: checking whether we are cross compiling
configure:4321: gcc -o conftest    conftest.c  >&5
configure:4325: $? = 0
configure:4332: ./conftest
configure:4336: $? = 0
configure:4351: result: no
configure:4356: checking for suffix of object files
configure:4378: gcc -c   conftest.c >&5
configure:4382: $? = 0
configure:4403: result: o
configure:4407: checking whether we are using the GNU C compiler
configure:4426: gcc -c   conftest.c >&5
configure:4426: $? = 0
configure:4435: result: yes
configure:4444: checking whether gcc accepts -g
configure:4464: gcc -c -g  conftest.c >&5
configure:4464: $? = 0
configure:4505: result: yes
configure:4522: checking for gcc option to accept ISO C89
configure:4585: gcc  -c -g -O2  conftest.c >&5
configure:4585: $? = 0
configure:4598: result: none needed
configure:4623: checking whether gcc understands -c and -o together
configure:4645: gcc -c conftest.c -o conftest2.o
configure:4648: $? = 0
configure:4645: gcc -c conftest.c -o conftest2.o
configure:4648: $? = 0
configure:4660: result: yes
configure:4679: checking dependency style of gcc
configure:4790: result: gcc3
configure:4805: checking for a sed that does not truncate output
configure:4869: result: /usr/bin/sed
configure:4887: checking for grep that handles long lines and -e
configure:4945: result: /usr/bin/grep
configure:4950: checking for egrep
configure:5012: result: /usr/bin/grep -E
configure:5017: checking for fgrep
configure:5079: result: /usr/bin/grep -F
configure:5114: checking for ld used by gcc
configure:5181: result: /Applications/Xcode.app/Contents/Developer/Toolchains/XcodeDefault.xctoolchain/usr/bin/ld
configure:5188: checking if the linker (/Applications/Xcode.app/Contents/Developer/Toolchains/XcodeDefault.xctoolchain/usr/bin/ld) is GNU ld
configure:5203: result: no
configure:5215: checking for BSD- or MS-compatible name lister (nm)
configure:5269: result: /usr/bin/nm -B
configure:5399: checking the name lister (/usr/bin/nm -B) interface
configure:5406: gcc -c -g -O2  conftest.c >&5
configure:5409: /usr/bin/nm -B "conftest.o"
configure:5412: output
0000000000000214 S _some_variable
configure:5419: result: BSD nm
configure:5422: checking whether ln -s works
configure:5426: result: yes
configure:5434: checking the maximum length of command line arguments
configure:5565: result: 196608
configure:5613: checking how to convert x86_64-apple-darwin18.7.0 file names to x86_64-apple-darwin18.7.0 format
configure:5653: result: func_convert_file_noop
configure:5660: checking how to convert x86_64-apple-darwin18.7.0 file names to toolchain format
configure:5680: result: func_convert_file_noop
configure:5687: checking for /Applications/Xcode.app/Contents/Developer/Toolchains/XcodeDefault.xctoolchain/usr/bin/ld option to reload object files
configure:5694: result: -r
configure:5768: checking for objdump
configure:5784: found /usr/bin/objdump
configure:5795: result: objdump
configure:5827: checking how to recognize dependent libraries
configure:6027: result: pass_all
configure:6112: checking for dlltool
configure:6142: result: no
configure:6172: checking how to associate runtime and link libraries
configure:6199: result: printf %s\n
configure:6260: checking for ar
configure:6276: found /usr/bin/ar
configure:6287: result: ar
configure:6324: checking for archiver @FILE support
configure:6341: gcc -c -g -O2  conftest.c >&5
configure:6341: $? = 0
configure:6344: ar cru libconftest.a @conftest.lst >&5
ar: @conftest.lst: No such file or directory
configure:6347: $? = 1
configure:6367: result: no
configure:6425: checking for strip
configure:6441: found /usr/bin/strip
configure:6452: result: strip
configure:6524: checking for ranlib
configure:6540: found /usr/bin/ranlib
configure:6551: result: ranlib
configure:6653: checking command to parse /usr/bin/nm -B output from gcc object
configure:6806: gcc -c -g -O2  conftest.c >&5
configure:6809: $? = 0
configure:6813: /usr/bin/nm -B conftest.o \| sed -n -e 's/^.*[ ]\([BCDEGRST][BCDEGRST]*\)[ ][ ]*\([_A-Za-z][_A-Za-z0-9]*\)$/\1 \2 \2/p' | sed '/ __gnu_lto/d' \> conftest.nm
configure:6816: $? = 0
cannot find nm_test_var in conftest.nm
configure:6806: gcc -c -g -O2  conftest.c >&5
configure:6809: $? = 0
configure:6813: /usr/bin/nm -B conftest.o \| sed -n -e 's/^.*[ ]\([BCDEGRST][BCDEGRST]*\)[ ][ ]*_\([_A-Za-z][_A-Za-z0-9]*\)$/\1 _\2 \2/p' | sed '/ __gnu_lto/d' \> conftest.nm
configure:6816: $? = 0
configure:6882: gcc -o conftest -g -O2   conftest.c conftstm.o >&5
warning: (x86_64)  could not find object file symbol for symbol _main
configure:6885: $? = 0
configure:6923: result: ok
configure:6970: checking for sysroot
configure:7000: result: no
configure:7007: checking for a working dd
configure:7045: result: /bin/dd
configure:7049: checking how to truncate binary pipes
configure:7064: result: /bin/dd bs=4096 count=1
configure:7393: checking for mt
configure:7423: result: no
configure:7443: checking if : is a manifest tool
configure:7449: : '-?'
configure:7457: result: no
configure:7513: checking for dsymutil
configure:7529: found /usr/bin/dsymutil
configure:7540: result: dsymutil
configure:7605: checking for nmedit
configure:7621: found /usr/bin/nmedit
configure:7632: result: nmedit
configure:7697: checking for lipo
configure:7713: found /usr/bin/lipo
configure:7724: result: lipo
configure:7789: checking for otool
configure:7805: found /usr/bin/otool
configure:7816: result: otool
configure:7881: checking for otool64
configure:7911: result: no
configure:7956: checking for -single_module linker flag
gcc -g -O2  -o libconftest.dylib -dynamiclib -Wl,-single_module conftest.c
configure:7989: result: yes
configure:7992: checking for -exported_symbols_list linker flag
configure:8012: gcc -o conftest -g -O2   -Wl,-exported_symbols_list,conftest.sym conftest.c  >&5
configure:8012: $? = 0
configure:8022: result: yes
configure:8025: checking for -force_load linker flag
gcc -g -O2 -c -o conftest.o conftest.c
ar cru libconftest.a conftest.o
ranlib libconftest.a
gcc -g -O2  -o conftest conftest.c -Wl,-force_load,./libconftest.a
configure:8057: result: yes
configure:8129: checking how to run the C preprocessor
configure:8160: gcc -E  conftest.c
configure:8160: $? = 0
configure:8174: gcc -E  conftest.c
conftest.c:11:10: fatal error: 'ac_nonexistent.h' file not found
#include <ac_nonexistent.h>
         ^~~~~~~~~~~~~~~~~~
1 error generated.
configure:8174: $? = 1
configure: failed program was:
| /* confdefs.h */
| #define PACKAGE_NAME "sleuthkit"
| #define PACKAGE_TARNAME "sleuthkit"
| #define PACKAGE_VERSION "4.10.1"
| #define PACKAGE_STRING "sleuthkit 4.10.1"
| #define PACKAGE_BUGREPORT ""
| #define PACKAGE_URL ""
| #define PACKAGE "sleuthkit"
| #define VERSION "4.10.1"
| /* end confdefs.h.  */
| #include <ac_nonexistent.h>
configure:8199: result: gcc -E
configure:8219: gcc -E  conftest.c
configure:8219: $? = 0
configure:8233: gcc -E  conftest.c
conftest.c:11:10: fatal error: 'ac_nonexistent.h' file not found
#include <ac_nonexistent.h>
         ^~~~~~~~~~~~~~~~~~
1 error generated.
configure:8233: $? = 1
configure: failed program was:
| /* confdefs.h */
| #define PACKAGE_NAME "sleuthkit"
| #define PACKAGE_TARNAME "sleuthkit"
| #define PACKAGE_VERSION "4.10.1"
| #define PACKAGE_STRING "sleuthkit 4.10.1"
| #define PACKAGE_BUGREPORT ""
| #define PACKAGE_URL ""
| #define PACKAGE "sleuthkit"
| #define VERSION "4.10.1"
| /* end confdefs.h.  */
| #include <ac_nonexistent.h>
configure:8262: checking for ANSI C header files
configure:8282: gcc -c -g -O2  conftest.c >&5
configure:8282: $? = 0
configure:8355: gcc -o conftest -g -O2   conftest.c  >&5
configure:8355: $? = 0
configure:8355: ./conftest
configure:8355: $? = 0
configure:8366: result: yes
configure:8379: checking for sys/types.h
configure:8379: gcc -c -g -O2  conftest.c >&5
configure:8379: $? = 0
configure:8379: result: yes
configure:8379: checking for sys/stat.h
configure:8379: gcc -c -g -O2  conftest.c >&5
configure:8379: $? = 0
configure:8379: result: yes
configure:8379: checking for stdlib.h
configure:8379: gcc -c -g -O2  conftest.c >&5
configure:8379: $? = 0
configure:8379: result: yes
configure:8379: checking for string.h
configure:8379: gcc -c -g -O2  conftest.c >&5
configure:8379: $? = 0
configure:8379: result: yes
configure:8379: checking for memory.h
configure:8379: gcc -c -g -O2  conftest.c >&5
configure:8379: $? = 0
configure:8379: result: yes
configure:8379: checking for strings.h
configure:8379: gcc -c -g -O2  conftest.c >&5
configure:8379: $? = 0
configure:8379: result: yes
configure:8379: checking for inttypes.h
configure:8379: gcc -c -g -O2  conftest.c >&5
configure:8379: $? = 0
configure:8379: result: yes
configure:8379: checking for stdint.h
configure:8379: gcc -c -g -O2  conftest.c >&5
configure:8379: $? = 0
configure:8379: result: yes
configure:8379: checking for unistd.h
configure:8379: gcc -c -g -O2  conftest.c >&5
configure:8379: $? = 0
configure:8379: result: yes
configure:8393: checking for dlfcn.h
configure:8393: gcc -c -g -O2  conftest.c >&5
configure:8393: $? = 0
configure:8393: result: yes
configure:8649: checking for objdir
configure:8664: result: .libs
configure:8928: checking if gcc supports -fno-rtti -fno-exceptions
configure:8946: gcc -c -g -O2  -fno-rtti -fno-exceptions conftest.c >&5
configure:8950: $? = 0
configure:8963: result: yes
configure:9321: checking for gcc option to produce PIC
configure:9328: result: -fno-common -DPIC
configure:9336: checking if gcc PIC flag -fno-common -DPIC works
configure:9354: gcc -c -g -O2  -fno-common -DPIC -DPIC conftest.c >&5
configure:9358: $? = 0
configure:9371: result: yes
configure:9400: checking if gcc static flag -static works
configure:9428: result: no
configure:9443: checking if gcc supports -c -o file.o
configure:9464: gcc -c -g -O2  -o out/conftest2.o conftest.c >&5
configure:9468: $? = 0
configure:9490: result: yes
configure:9498: checking if gcc supports -c -o file.o
configure:9545: result: yes
configure:9578: checking whether the gcc linker (/Applications/Xcode.app/Contents/Developer/Toolchains/XcodeDefault.xctoolchain/usr/bin/ld) supports shared libraries
configure:10837: result: yes
configure:11077: checking dynamic linker characteristics
configure:11895: result: darwin18.7.0 dyld
configure:12017: checking how to hardcode library paths into programs
configure:12042: result: immediate
configure:12590: checking whether stripping libraries is possible
configure:12604: result: yes
configure:12630: checking if libtool supports shared libraries
configure:12632: result: yes
configure:12635: checking whether to build shared libraries
configure:12660: result: yes
configure:12663: checking whether to build static libraries
configure:12667: result: yes
configure:12705: checking whether to enable maintainer-specific portions of Makefiles
configure:12714: result: no
configure:12787: checking for g++
configure:12803: found /usr/bin/g++
configure:12814: result: g++
configure:12841: checking for C++ compiler version
configure:12850: g++ --version >&5
Apple clang version 11.0.0 (clang-1100.0.33.17)
Target: x86_64-apple-darwin18.7.0
Thread model: posix
InstalledDir: /Applications/Xcode.app/Contents/Developer/Toolchains/XcodeDefault.xctoolchain/usr/bin
Configured with: --prefix=/Applications/Xcode.app/Contents/Developer/usr --with-gxx-include-dir=/Library/Developer/CommandLineTools/SDKs/MacOSX.sdk/usr/include/c++/4.2.1
configure:12861: $? = 0
configure:12850: g++ -v >&5
Configured with: --prefix=/Applications/Xcode.app/Contents/Developer/usr --with-gxx-include-dir=/Library/Developer/CommandLineTools/SDKs/MacOSX.sdk/usr/include/c++/4.2.1
Apple clang version 11.0.0 (clang-1100.0.33.17)
Target: x86_64-apple-darwin18.7.0
Thread model: posix
InstalledDir: /Applications/Xcode.app/Contents/Developer/Toolchains/XcodeDefault.xctoolchain/usr/bin
configure:12861: $? = 0
configure:12850: g++ -V >&5
clang: error: unsupported option '-V -Wno-framework-include-private-from-public'
clang: error: no input files
configure:12861: $? = 1
configure:12850: g++ -qversion >&5
clang: error: unknown argument '-qversion', did you mean '--version'?
clang: error: no input files
configure:12861: $? = 1
configure:12865: checking whether we are using the GNU C++ compiler
configure:12884: g++ -c   conftest.cpp >&5
configure:12884: $? = 0
configure:12893: result: yes
configure:12902: checking whether g++ accepts -g
configure:12922: g++ -c -g  conftest.cpp >&5
configure:12922: $? = 0
configure:12963: result: yes
configure:12988: checking dependency style of g++
configure:13099: result: gcc3
configure:13132: checking how to run the C++ preprocessor
configure:13159: g++ -E  conftest.cpp
configure:13159: $? = 0
configure:13173: g++ -E  conftest.cpp
conftest.cpp:23:10: fatal error: 'ac_nonexistent.h' file not found
#include <ac_nonexistent.h>
         ^~~~~~~~~~~~~~~~~~
1 error generated.
configure:13173: $? = 1
configure: failed program was:
| /* confdefs.h */
| #define PACKAGE_NAME "sleuthkit"
| #define PACKAGE_TARNAME "sleuthkit"
| #define PACKAGE_VERSION "4.10.1"
| #define PACKAGE_STRING "sleuthkit 4.10.1"
| #define PACKAGE_BUGREPORT ""
| #define PACKAGE_URL ""
| #define PACKAGE "sleuthkit"
| #define VERSION "4.10.1"
| #define STDC_HEADERS 1
| #define HAVE_SYS_TYPES_H 1
| #define HAVE_SYS_STAT_H 1
| #define HAVE_STDLIB_H 1
| #define HAVE_STRING_H 1
| #define HAVE_MEMORY_H 1
| #define HAVE_STRINGS_H 1
| #define HAVE_INTTYPES_H 1
| #define HAVE_STDINT_H 1
| #define HAVE_UNISTD_H 1
| #define HAVE_DLFCN_H 1
| #define LT_OBJDIR ".libs/"
| /* end confdefs.h.  */
| #include <ac_nonexistent.h>
configure:13198: result: g++ -E
configure:13218: g++ -E  conftest.cpp
configure:13218: $? = 0
configure:13232: g++ -E  conftest.cpp
conftest.cpp:23:10: fatal error: 'ac_nonexistent.h' file not found
#include <ac_nonexistent.h>
         ^~~~~~~~~~~~~~~~~~
1 error generated.
configure:13232: $? = 1
configure: failed program was:
| /* confdefs.h */
| #define PACKAGE_NAME "sleuthkit"
| #define PACKAGE_TARNAME "sleuthkit"
| #define PACKAGE_VERSION "4.10.1"
| #define PACKAGE_STRING "sleuthkit 4.10.1"
| #define PACKAGE_BUGREPORT ""
| #define PACKAGE_URL ""
| #define PACKAGE "sleuthkit"
| #define VERSION "4.10.1"
| #define STDC_HEADERS 1
| #define HAVE_SYS_TYPES_H 1
| #define HAVE_SYS_STAT_H 1
| #define HAVE_STDLIB_H 1
| #define HAVE_STRING_H 1
| #define HAVE_MEMORY_H 1
| #define HAVE_STRINGS_H 1
| #define HAVE_INTTYPES_H 1
| #define HAVE_STDINT_H 1
| #define HAVE_UNISTD_H 1
| #define HAVE_DLFCN_H 1
| #define LT_OBJDIR ".libs/"
| /* end confdefs.h.  */
| #include <ac_nonexistent.h>
configure:13394: checking for ld used by g++
configure:13461: result: /Applications/Xcode.app/Contents/Developer/Toolchains/XcodeDefault.xctoolchain/usr/bin/ld
configure:13468: checking if the linker (/Applications/Xcode.app/Contents/Developer/Toolchains/XcodeDefault.xctoolchain/usr/bin/ld) is GNU ld
configure:13483: result: no
configure:13538: checking whether the g++ linker (/Applications/Xcode.app/Contents/Developer/Toolchains/XcodeDefault.xctoolchain/usr/bin/ld) supports shared libraries
configure:14611: result: yes
configure:14647: g++ -c -g -O2  conftest.cpp >&5
configure:14650: $? = 0
configure:15131: checking for g++ option to produce PIC
configure:15138: result: -fno-common -DPIC
configure:15146: checking if g++ PIC flag -fno-common -DPIC works
configure:15164: g++ -c -g -O2  -fno-common -DPIC -DPIC conftest.cpp >&5
configure:15168: $? = 0
configure:15181: result: yes
configure:15204: checking if g++ static flag -static works
configure:15232: result: no
configure:15244: checking if g++ supports -c -o file.o
configure:15265: g++ -c -g -O2  -o out/conftest2.o conftest.cpp >&5
configure:15269: $? = 0
configure:15291: result: yes
configure:15296: checking if g++ supports -c -o file.o
configure:15343: result: yes
configure:15373: checking whether the g++ linker (/Applications/Xcode.app/Contents/Developer/Toolchains/XcodeDefault.xctoolchain/usr/bin/ld) supports shared libraries
configure:15413: result: yes
configure:15554: checking dynamic linker characteristics
configure:16299: result: darwin18.7.0 dyld
configure:16364: checking how to hardcode library paths into programs
configure:16389: result: immediate
configure:16443: checking whether g++ supports C++14 features with -std=c++14
configure:16861: g++ -std=c++14 -c -g -O2  conftest.cpp >&5
configure:16861: $? = 0
configure:16870: result: yes
configure:16957: checking for gcc
configure:16984: result: gcc
configure:17213: checking for C compiler version
configure:17222: gcc --version >&5
Apple clang version 11.0.0 (clang-1100.0.33.17)
Target: x86_64-apple-darwin18.7.0
Thread model: posix
InstalledDir: /Applications/Xcode.app/Contents/Developer/Toolchains/XcodeDefault.xctoolchain/usr/bin
Configured with: --prefix=/Applications/Xcode.app/Contents/Developer/usr --with-gxx-include-dir=/Library/Developer/CommandLineTools/SDKs/MacOSX.sdk/usr/include/c++/4.2.1
configure:17233: $? = 0
configure:17222: gcc -v >&5
Configured with: --prefix=/Applications/Xcode.app/Contents/Developer/usr --with-gxx-include-dir=/Library/Developer/CommandLineTools/SDKs/MacOSX.sdk/usr/include/c++/4.2.1
Apple clang version 11.0.0 (clang-1100.0.33.17)
Target: x86_64-apple-darwin18.7.0
Thread model: posix
InstalledDir: /Applications/Xcode.app/Contents/Developer/Toolchains/XcodeDefault.xctoolchain/usr/bin
configure:17233: $? = 0
configure:17222: gcc -V >&5
clang: error: unsupported option '-V -Wno-framework-include-private-from-public'
clang: error: no input files
configure:17233: $? = 1
configure:17222: gcc -qversion >&5
clang: error: unknown argument '-qversion', did you mean '--version'?
clang: error: no input files
configure:17233: $? = 1
configure:17237: checking whether we are using the GNU C compiler
configure:17265: result: yes
configure:17274: checking whether gcc accepts -g
configure:17335: result: yes
configure:17352: checking for gcc option to accept ISO C89
configure:17428: result: none needed
configure:17453: checking whether gcc understands -c and -o together
configure:17490: result: yes
configure:17509: checking dependency style of gcc
configure:17620: result: gcc3
configure:17640: checking how to run the C preprocessor
configure:17710: result: gcc -E
configure:17730: gcc -E  conftest.c
configure:17730: $? = 0
configure:17744: gcc -E  conftest.c
conftest.c:24:10: fatal error: 'ac_nonexistent.h' file not found
#include <ac_nonexistent.h>
         ^~~~~~~~~~~~~~~~~~
1 error generated.
configure:17744: $? = 1
configure: failed program was:
| /* confdefs.h */
| #define PACKAGE_NAME "sleuthkit"
| #define PACKAGE_TARNAME "sleuthkit"
| #define PACKAGE_VERSION "4.10.1"
| #define PACKAGE_STRING "sleuthkit 4.10.1"
| #define PACKAGE_BUGREPORT ""
| #define PACKAGE_URL ""
| #define PACKAGE "sleuthkit"
| #define VERSION "4.10.1"
| #define STDC_HEADERS 1
| #define HAVE_SYS_TYPES_H 1
| #define HAVE_SYS_STAT_H 1
| #define HAVE_STDLIB_H 1
| #define HAVE_STRING_H 1
| #define HAVE_MEMORY_H 1
| #define HAVE_STRINGS_H 1
| #define HAVE_INTTYPES_H 1
| #define HAVE_STDINT_H 1
| #define HAVE_UNISTD_H 1
| #define HAVE_DLFCN_H 1
| #define LT_OBJDIR ".libs/"
| #define HAVE_CXX14 1
| /* end confdefs.h.  */
| #include <ac_nonexistent.h>
configure:17773: checking whether ln -s works
configure:17777: result: yes
configure:17784: checking whether make sets $(MAKE)
configure:17806: result: yes
configure:17817: checking for perl
configure:17835: found /usr/bin/perl
configure:17847: result: /usr/bin/perl
configure:17856: checking for ANSI C header files
configure:17960: result: yes
configure:17971: checking err.h usability
configure:17971: gcc -c -g -O2  conftest.c >&5
configure:17971: $? = 0
configure:17971: result: yes
configure:17971: checking err.h presence
configure:17971: gcc -E  conftest.c
configure:17971: $? = 0
configure:17971: result: yes
configure:17971: checking for err.h
configure:17971: result: yes
configure:17971: checking for inttypes.h
configure:17971: result: yes
configure:17971: checking for unistd.h
configure:17971: result: yes
configure:17971: checking for stdint.h
configure:17971: result: yes
configure:17971: checking sys/param.h usability
configure:17971: gcc -c -g -O2  conftest.c >&5
configure:17971: $? = 0
configure:17971: result: yes
configure:17971: checking sys/param.h presence
configure:17971: gcc -E  conftest.c
configure:17971: $? = 0
configure:17971: result: yes
configure:17971: checking for sys/param.h
configure:17971: result: yes
configure:17971: checking sys/resource.h usability
configure:17971: gcc -c -g -O2  conftest.c >&5
configure:17971: $? = 0
configure:17971: result: yes
configure:17971: checking sys/resource.h presence
configure:17971: gcc -E  conftest.c
configure:17971: $? = 0
configure:17971: result: yes
configure:17971: checking for sys/resource.h
configure:17971: result: yes
configure:17982: checking for stdbool.h that conforms to C99
configure:18049: gcc -c -g -O2  conftest.c >&5
conftest.c:80:24: warning: address of 's' will always evaluate to 'true' [-Wpointer-bool-conversion]
             bool e = &s;
                  ~    ^
conftest.c:84:23: warning: address of array 'a' will always evaluate to 'true' [-Wpointer-bool-conversion]
             return (!a + !b + !c + !d + !e + !f + !g + !h + !i + !!j + !k + !!l
                     ~^
conftest.c:84:28: warning: address of array 'b' will always evaluate to 'true' [-Wpointer-bool-conversion]
             return (!a + !b + !c + !d + !e + !f + !g + !h + !i + !!j + !k + !!l
                          ~^
conftest.c:84:33: warning: address of array 'c' will always evaluate to 'true' [-Wpointer-bool-conversion]
             return (!a + !b + !c + !d + !e + !f + !g + !h + !i + !!j + !k + !!l
                               ~^
conftest.c:84:38: warning: address of array 'd' will always evaluate to 'true' [-Wpointer-bool-conversion]
             return (!a + !b + !c + !d + !e + !f + !g + !h + !i + !!j + !k + !!l
                                    ~^
conftest.c:84:48: warning: address of array 'f' will always evaluate to 'true' [-Wpointer-bool-conversion]
             return (!a + !b + !c + !d + !e + !f + !g + !h + !i + !!j + !k + !!l
                                              ~^
conftest.c:84:53: warning: address of array 'g' will always evaluate to 'true' [-Wpointer-bool-conversion]
             return (!a + !b + !c + !d + !e + !f + !g + !h + !i + !!j + !k + !!l
                                                   ~^
conftest.c:84:58: warning: address of array 'h' will always evaluate to 'true' [-Wpointer-bool-conversion]
             return (!a + !b + !c + !d + !e + !f + !g + !h + !i + !!j + !k + !!l
                                                        ~^
conftest.c:84:63: warning: address of array 'i' will always evaluate to 'true' [-Wpointer-bool-conversion]
             return (!a + !b + !c + !d + !e + !f + !g + !h + !i + !!j + !k + !!l
                                                             ~^
conftest.c:85:30: warning: address of array 'n' will always evaluate to 'true' [-Wpointer-bool-conversion]
                            ~^
conftest.c:85:35: warning: address of array 'o' will always evaluate to 'true' [-Wpointer-bool-conversion]
                                 ~^
conftest.c:85:40: warning: address of array 'p' will always evaluate to 'true' [-Wpointer-bool-conversion]
                                      ~^
12 warnings generated.
configure:18049: $? = 0
configure:18056: result: yes
configure:18058: checking for _Bool
configure:18058: gcc -c -g -O2  conftest.c >&5
configure:18058: $? = 0
configure:18058: gcc -c -g -O2  conftest.c >&5
conftest.c:67:20: error: expected expression
if (sizeof ((_Bool)))
                   ^
1 error generated.
configure:18058: $? = 1
configure: failed program was:
| /* confdefs.h */
| #define PACKAGE_NAME "sleuthkit"
| #define PACKAGE_TARNAME "sleuthkit"
| #define PACKAGE_VERSION "4.10.1"
| #define PACKAGE_STRING "sleuthkit 4.10.1"
| #define PACKAGE_BUGREPORT ""
| #define PACKAGE_URL ""
| #define PACKAGE "sleuthkit"
| #define VERSION "4.10.1"
| #define STDC_HEADERS 1
| #define HAVE_SYS_TYPES_H 1
| #define HAVE_SYS_STAT_H 1
| #define HAVE_STDLIB_H 1
| #define HAVE_STRING_H 1
| #define HAVE_MEMORY_H 1
| #define HAVE_STRINGS_H 1
| #define HAVE_INTTYPES_H 1
| #define HAVE_STDINT_H 1
| #define HAVE_UNISTD_H 1
| #define HAVE_DLFCN_H 1
| #define LT_OBJDIR ".libs/"
| #define HAVE_CXX14 1
| #define STDC_HEADERS 1
| #define HAVE_ERR_H 1
| #define HAVE_INTTYPES_H 1
| #define HAVE_UNISTD_H 1
| #define HAVE_STDINT_H 1
| #define HAVE_SYS_PARAM_H 1
| #define HAVE_SYS_RESOURCE_H 1
| /* end confdefs.h.  */
| #include <stdio.h>
| #ifdef HAVE_SYS_TYPES_H
| # include <sys/types.h>
| #endif
| #ifdef HAVE_SYS_STAT_H
| # include <sys/stat.h>
| #endif
| #ifdef STDC_HEADERS
| # include <stdlib.h>
| # include <stddef.h>
| #else
| # ifdef HAVE_STDLIB_H
| #  include <stdlib.h>
| # endif
| #endif
| #ifdef HAVE_STRING_H
| # if !defined STDC_HEADERS && defined HAVE_MEMORY_H
| #  include <memory.h>
| # endif
| # include <string.h>
| #endif
| #ifdef HAVE_STRINGS_H
| # include <strings.h>
| #endif
| #ifdef HAVE_INTTYPES_H
| # include <inttypes.h>
| #endif
| #ifdef HAVE_STDINT_H
| # include <stdint.h>
| #endif
| #ifdef HAVE_UNISTD_H
| # include <unistd.h>
| #endif
| int
| main ()
| {
| if (sizeof ((_Bool)))
| 	    return 0;
|   ;
|   return 0;
| }
configure:18058: result: yes
configure:18075: checking for an ANSI C-conforming const
configure:18141: gcc -c -g -O2  conftest.c >&5
configure:18141: $? = 0
configure:18148: result: yes
configure:18156: checking for uid_t in sys/types.h
configure:18175: result: yes
configure:18186: checking for mode_t
configure:18186: gcc -c -g -O2  conftest.c >&5
configure:18186: $? = 0
configure:18186: gcc -c -g -O2  conftest.c >&5
conftest.c:69:21: error: expected expression
if (sizeof ((mode_t)))
                    ^
1 error generated.
configure:18186: $? = 1
configure: failed program was:
| /* confdefs.h */
| #define PACKAGE_NAME "sleuthkit"
| #define PACKAGE_TARNAME "sleuthkit"
| #define PACKAGE_VERSION "4.10.1"
| #define PACKAGE_STRING "sleuthkit 4.10.1"
| #define PACKAGE_BUGREPORT ""
| #define PACKAGE_URL ""
| #define PACKAGE "sleuthkit"
| #define VERSION "4.10.1"
| #define STDC_HEADERS 1
| #define HAVE_SYS_TYPES_H 1
| #define HAVE_SYS_STAT_H 1
| #define HAVE_STDLIB_H 1
| #define HAVE_STRING_H 1
| #define HAVE_MEMORY_H 1
| #define HAVE_STRINGS_H 1
| #define HAVE_INTTYPES_H 1
| #define HAVE_STDINT_H 1
| #define HAVE_UNISTD_H 1
| #define HAVE_DLFCN_H 1
| #define LT_OBJDIR ".libs/"
| #define HAVE_CXX14 1
| #define STDC_HEADERS 1
| #define HAVE_ERR_H 1
| #define HAVE_INTTYPES_H 1
| #define HAVE_UNISTD_H 1
| #define HAVE_STDINT_H 1
| #define HAVE_SYS_PARAM_H 1
| #define HAVE_SYS_RESOURCE_H 1
| #define HAVE__BOOL 1
| #define HAVE_STDBOOL_H 1
| /* end confdefs.h.  */
| #include <stdio.h>
| #ifdef HAVE_SYS_TYPES_H
| # include <sys/types.h>
| #endif
| #ifdef HAVE_SYS_STAT_H
| # include <sys/stat.h>
| #endif
| #ifdef STDC_HEADERS
| # include <stdlib.h>
| # include <stddef.h>
| #else
| # ifdef HAVE_STDLIB_H
| #  include <stdlib.h>
| # endif
| #endif
| #ifdef HAVE_STRING_H
| # if !defined STDC_HEADERS && defined HAVE_MEMORY_H
| #  include <memory.h>
| # endif
| # include <string.h>
| #endif
| #ifdef HAVE_STRINGS_H
| # include <strings.h>
| #endif
| #ifdef HAVE_INTTYPES_H
| # include <inttypes.h>
| #endif
| #ifdef HAVE_STDINT_H
| # include <stdint.h>
| #endif
| #ifdef HAVE_UNISTD_H
| # include <unistd.h>
| #endif
| int
| main ()
| {
| if (sizeof ((mode_t)))
| 	    return 0;
|   ;
|   return 0;
| }
configure:18186: result: yes
configure:18197: checking for off_t
configure:18197: gcc -c -g -O2  conftest.c >&5
configure:18197: $? = 0
configure:18197: gcc -c -g -O2  conftest.c >&5
conftest.c:69:20: error: expected expression
if (sizeof ((off_t)))
                   ^
1 error generated.
configure:18197: $? = 1
configure: failed program was:
| /* confdefs.h */
| #define PACKAGE_NAME "sleuthkit"
| #define PACKAGE_TARNAME "sleuthkit"
| #define PACKAGE_VERSION "4.10.1"
| #define PACKAGE_STRING "sleuthkit 4.10.1"
| #define PACKAGE_BUGREPORT ""
| #define PACKAGE_URL ""
| #define PACKAGE "sleuthkit"
| #define VERSION "4.10.1"
| #define STDC_HEADERS 1
| #define HAVE_SYS_TYPES_H 1
| #define HAVE_SYS_STAT_H 1
| #define HAVE_STDLIB_H 1
| #define HAVE_STRING_H 1
| #define HAVE_MEMORY_H 1
| #define HAVE_STRINGS_H 1
| #define HAVE_INTTYPES_H 1
| #define HAVE_STDINT_H 1
| #define HAVE_UNISTD_H 1
| #define HAVE_DLFCN_H 1
| #define LT_OBJDIR ".libs/"
| #define HAVE_CXX14 1
| #define STDC_HEADERS 1
| #define HAVE_ERR_H 1
| #define HAVE_INTTYPES_H 1
| #define HAVE_UNISTD_H 1
| #define HAVE_STDINT_H 1
| #define HAVE_SYS_PARAM_H 1
| #define HAVE_SYS_RESOURCE_H 1
| #define HAVE__BOOL 1
| #define HAVE_STDBOOL_H 1
| /* end confdefs.h.  */
| #include <stdio.h>
| #ifdef HAVE_SYS_TYPES_H
| # include <sys/types.h>
| #endif
| #ifdef HAVE_SYS_STAT_H
| # include <sys/stat.h>
| #endif
| #ifdef STDC_HEADERS
| # include <stdlib.h>
| # include <stddef.h>
| #else
| # ifdef HAVE_STDLIB_H
| #  include <stdlib.h>
| # endif
| #endif
| #ifdef HAVE_STRING_H
| # if !defined STDC_HEADERS && defined HAVE_MEMORY_H
| #  include <memory.h>
| # endif
| # include <string.h>
| #endif
| #ifdef HAVE_STRINGS_H
| # include <strings.h>
| #endif
| #ifdef HAVE_INTTYPES_H
| # include <inttypes.h>
| #endif
| #ifdef HAVE_STDINT_H
| # include <stdint.h>
| #endif
| #ifdef HAVE_UNISTD_H
| # include <unistd.h>
| #endif
| int
| main ()
| {
| if (sizeof ((off_t)))
| 	    return 0;
|   ;
|   return 0;
| }
configure:18197: result: yes
configure:18208: checking for size_t
configure:18208: gcc -c -g -O2  conftest.c >&5
configure:18208: $? = 0
configure:18208: gcc -c -g -O2  conftest.c >&5
conftest.c:69:21: error: expected expression
if (sizeof ((size_t)))
                    ^
1 error generated.
configure:18208: $? = 1
configure: failed program was:
| /* confdefs.h */
| #define PACKAGE_NAME "sleuthkit"
| #define PACKAGE_TARNAME "sleuthkit"
| #define PACKAGE_VERSION "4.10.1"
| #define PACKAGE_STRING "sleuthkit 4.10.1"
| #define PACKAGE_BUGREPORT ""
| #define PACKAGE_URL ""
| #define PACKAGE "sleuthkit"
| #define VERSION "4.10.1"
| #define STDC_HEADERS 1
| #define HAVE_SYS_TYPES_H 1
| #define HAVE_SYS_STAT_H 1
| #define HAVE_STDLIB_H 1
| #define HAVE_STRING_H 1
| #define HAVE_MEMORY_H 1
| #define HAVE_STRINGS_H 1
| #define HAVE_INTTYPES_H 1
| #define HAVE_STDINT_H 1
| #define HAVE_UNISTD_H 1
| #define HAVE_DLFCN_H 1
| #define LT_OBJDIR ".libs/"
| #define HAVE_CXX14 1
| #define STDC_HEADERS 1
| #define HAVE_ERR_H 1
| #define HAVE_INTTYPES_H 1
| #define HAVE_UNISTD_H 1
| #define HAVE_STDINT_H 1
| #define HAVE_SYS_PARAM_H 1
| #define HAVE_SYS_RESOURCE_H 1
| #define HAVE__BOOL 1
| #define HAVE_STDBOOL_H 1
| /* end confdefs.h.  */
| #include <stdio.h>
| #ifdef HAVE_SYS_TYPES_H
| # include <sys/types.h>
| #endif
| #ifdef HAVE_SYS_STAT_H
| # include <sys/stat.h>
| #endif
| #ifdef STDC_HEADERS
| # include <stdlib.h>
| # include <stddef.h>
| #else
| # ifdef HAVE_STDLIB_H
| #  include <stdlib.h>
| # endif
| #endif
| #ifdef HAVE_STRING_H
| # if !defined STDC_HEADERS && defined HAVE_MEMORY_H
| #  include <memory.h>
| # endif
| # include <string.h>
| #endif
| #ifdef HAVE_STRINGS_H
| # include <strings.h>
| #endif
| #ifdef HAVE_INTTYPES_H
| # include <inttypes.h>
| #endif
| #ifdef HAVE_STDINT_H
| # include <stdint.h>
| #endif
| #ifdef HAVE_UNISTD_H
| # include <unistd.h>
| #endif
| int
| main ()
| {
| if (sizeof ((size_t)))
| 	    return 0;
|   ;
|   return 0;
| }
configure:18208: result: yes
configure:18227: checking for special C compiler options needed for large files
configure:18272: result: no
configure:18278: checking for _FILE_OFFSET_BITS value needed for large files
configure:18303: gcc -c -g -O2  conftest.c >&5
configure:18303: $? = 0
configure:18335: result: no
configure:18423: checking for working alloca.h
configure:18440: gcc -o conftest -g -O2   conftest.c  >&5
configure:18440: $? = 0
configure:18448: result: yes
configure:18456: checking for alloca
configure:18493: gcc -o conftest -g -O2   conftest.c  >&5
configure:18493: $? = 0
configure:18501: result: yes
configure:18607: checking for error_at_line
configure:18623: gcc -o conftest -g -O2   conftest.c  >&5
conftest.c:35:10: fatal error: 'error.h' file not found
#include <error.h>
         ^~~~~~~~~
1 error generated.
configure:18623: $? = 1
configure: failed program was:
| /* confdefs.h */
| #define PACKAGE_NAME "sleuthkit"
| #define PACKAGE_TARNAME "sleuthkit"
| #define PACKAGE_VERSION "4.10.1"
| #define PACKAGE_STRING "sleuthkit 4.10.1"
| #define PACKAGE_BUGREPORT ""
| #define PACKAGE_URL ""
| #define PACKAGE "sleuthkit"
| #define VERSION "4.10.1"
| #define STDC_HEADERS 1
| #define HAVE_SYS_TYPES_H 1
| #define HAVE_SYS_STAT_H 1
| #define HAVE_STDLIB_H 1
| #define HAVE_STRING_H 1
| #define HAVE_MEMORY_H 1
| #define HAVE_STRINGS_H 1
| #define HAVE_INTTYPES_H 1
| #define HAVE_STDINT_H 1
| #define HAVE_UNISTD_H 1
| #define HAVE_DLFCN_H 1
| #define LT_OBJDIR ".libs/"
| #define HAVE_CXX14 1
| #define STDC_HEADERS 1
| #define HAVE_ERR_H 1
| #define HAVE_INTTYPES_H 1
| #define HAVE_UNISTD_H 1
| #define HAVE_STDINT_H 1
| #define HAVE_SYS_PARAM_H 1
| #define HAVE_SYS_RESOURCE_H 1
| #define HAVE__BOOL 1
| #define HAVE_STDBOOL_H 1
| #define HAVE_ALLOCA_H 1
| #define HAVE_ALLOCA 1
| /* end confdefs.h.  */
| #include <error.h>
| int
| main ()
| {
| error_at_line (0, 0, "", 0, "an error occurred");
|   ;
|   return 0;
| }
configure:18631: result: no
configure:18642: checking for _LARGEFILE_SOURCE value needed for large files
configure:18661: gcc -o conftest -g -O2   conftest.c  >&5
configure:18661: $? = 0
configure:18689: result: no
configure:18711: checking whether gcc needs -traditional
conftest.c:36:10: fatal error: 'termio.h' file not found
#include <termio.h>
         ^~~~~~~~~~
1 error generated.
configure:18745: result: no
configure:18752: checking whether lstat correctly handles trailing slash
configure:18778: gcc -o conftest -g -O2   conftest.c  >&5
configure:18778: $? = 0
configure:18778: ./conftest
configure:18778: $? = 1
configure: program exited with status 1
configure: failed program was:
| /* confdefs.h */
| #define PACKAGE_NAME "sleuthkit"
| #define PACKAGE_TARNAME "sleuthkit"
| #define PACKAGE_VERSION "4.10.1"
| #define PACKAGE_STRING "sleuthkit 4.10.1"
| #define PACKAGE_BUGREPORT ""
| #define PACKAGE_URL ""
| #define PACKAGE "sleuthkit"
| #define VERSION "4.10.1"
| #define STDC_HEADERS 1
| #define HAVE_SYS_TYPES_H 1
| #define HAVE_SYS_STAT_H 1
| #define HAVE_STDLIB_H 1
| #define HAVE_STRING_H 1
| #define HAVE_MEMORY_H 1
| #define HAVE_STRINGS_H 1
| #define HAVE_INTTYPES_H 1
| #define HAVE_STDINT_H 1
| #define HAVE_UNISTD_H 1
| #define HAVE_DLFCN_H 1
| #define LT_OBJDIR ".libs/"
| #define HAVE_CXX14 1
| #define STDC_HEADERS 1
| #define HAVE_ERR_H 1
| #define HAVE_INTTYPES_H 1
| #define HAVE_UNISTD_H 1
| #define HAVE_STDINT_H 1
| #define HAVE_SYS_PARAM_H 1
| #define HAVE_SYS_RESOURCE_H 1
| #define HAVE__BOOL 1
| #define HAVE_STDBOOL_H 1
| #define HAVE_ALLOCA_H 1
| #define HAVE_ALLOCA 1
| #define HAVE_FSEEKO 1
| /* end confdefs.h.  */
| #include <stdio.h>
| #ifdef HAVE_SYS_TYPES_H
| # include <sys/types.h>
| #endif
| #ifdef HAVE_SYS_STAT_H
| # include <sys/stat.h>
| #endif
| #ifdef STDC_HEADERS
| # include <stdlib.h>
| # include <stddef.h>
| #else
| # ifdef HAVE_STDLIB_H
| #  include <stdlib.h>
| # endif
| #endif
| #ifdef HAVE_STRING_H
| # if !defined STDC_HEADERS && defined HAVE_MEMORY_H
| #  include <memory.h>
| # endif
| # include <string.h>
| #endif
| #ifdef HAVE_STRINGS_H
| # include <strings.h>
| #endif
| #ifdef HAVE_INTTYPES_H
| # include <inttypes.h>
| #endif
| #ifdef HAVE_STDINT_H
| # include <stdint.h>
| #endif
| #ifdef HAVE_UNISTD_H
| # include <unistd.h>
| #endif
| int
| main ()
| {
| struct stat sbuf;
|      /* Linux will dereference the symlink and fail, as required by POSIX.
| 	That is better in the sense that it means we will not
| 	have to compile and use the lstat wrapper.  */
|      return lstat ("conftest.sym/", &sbuf) == 0;
|   ;
|   return 0;
| }
configure:18795: result: no
configure:18814: checking whether lstat accepts an empty string
configure:18834: gcc -o conftest -g -O2   conftest.c  >&5
configure:18834: $? = 0
configure:18834: ./conftest
configure:18834: $? = 0
configure:18844: result: no
configure:18860: checking whether lstat correctly handles trailing slash
configure:18903: result: no
configure:18925: checking sys/select.h usability
configure:18925: gcc -c -g -O2  conftest.c >&5
configure:18925: $? = 0
configure:18925: result: yes
configure:18925: checking sys/select.h presence
configure:18925: gcc -E  conftest.c
configure:18925: $? = 0
configure:18925: result: yes
configure:18925: checking for sys/select.h
configure:18925: result: yes
configure:18925: checking sys/socket.h usability
configure:18925: gcc -c -g -O2  conftest.c >&5
configure:18925: $? = 0
configure:18925: result: yes
configure:18925: checking sys/socket.h presence
configure:18925: gcc -E  conftest.c
configure:18925: $? = 0
configure:18925: result: yes
configure:18925: checking for sys/socket.h
configure:18925: result: yes
configure:18935: checking types of arguments for select
configure:18963: gcc -c -g -O2  conftest.c >&5
configure:18963: $? = 0
configure:18974: result: int,fd_set *,struct timeval *
configure:19003: checking for utime.h
configure:19003: gcc -c -g -O2  conftest.c >&5
configure:19003: $? = 0
configure:19003: result: yes
configure:19017: checking whether utime accepts a null argument
configure:19046: gcc -o conftest -g -O2   conftest.c  >&5
configure:19046: $? = 0
configure:19046: ./conftest
configure:19046: $? = 0
configure:19056: result: yes
configure:19068: checking for vprintf
configure:19068: gcc -o conftest -g -O2   conftest.c  >&5
conftest.c:66:6: warning: incompatible redeclaration of library function 'vprintf' [-Wincompatible-library-redeclaration]
char vprintf ();
     ^
conftest.c:66:6: note: 'vprintf' is a builtin with type 'int (const char *, struct __va_list_tag *)'
1 warning generated.
configure:19068: $? = 0
configure:19068: result: yes
configure:19074: checking for _doprnt
configure:19074: gcc -o conftest -g -O2   conftest.c  >&5
Undefined symbols for architecture x86_64:
  "__doprnt", referenced from:
      _main in conftest-a5af58.o
ld: symbol(s) not found for architecture x86_64
clang: error: linker command failed with exit code 1 (use -v to see invocation)
configure:19074: $? = 1
configure: failed program was:
| /* confdefs.h */
| #define PACKAGE_NAME "sleuthkit"
| #define PACKAGE_TARNAME "sleuthkit"
| #define PACKAGE_VERSION "4.10.1"
| #define PACKAGE_STRING "sleuthkit 4.10.1"
| #define PACKAGE_BUGREPORT ""
| #define PACKAGE_URL ""
| #define PACKAGE "sleuthkit"
| #define VERSION "4.10.1"
| #define STDC_HEADERS 1
| #define HAVE_SYS_TYPES_H 1
| #define HAVE_SYS_STAT_H 1
| #define HAVE_STDLIB_H 1
| #define HAVE_STRING_H 1
| #define HAVE_MEMORY_H 1
| #define HAVE_STRINGS_H 1
| #define HAVE_INTTYPES_H 1
| #define HAVE_STDINT_H 1
| #define HAVE_UNISTD_H 1
| #define HAVE_DLFCN_H 1
| #define LT_OBJDIR ".libs/"
| #define HAVE_CXX14 1
| #define STDC_HEADERS 1
| #define HAVE_ERR_H 1
| #define HAVE_INTTYPES_H 1
| #define HAVE_UNISTD_H 1
| #define HAVE_STDINT_H 1
| #define HAVE_SYS_PARAM_H 1
| #define HAVE_SYS_RESOURCE_H 1
| #define HAVE__BOOL 1
| #define HAVE_STDBOOL_H 1
| #define HAVE_ALLOCA_H 1
| #define HAVE_ALLOCA 1
| #define HAVE_FSEEKO 1
| #define HAVE_SYS_SELECT_H 1
| #define HAVE_SYS_SOCKET_H 1
| #define SELECT_TYPE_ARG1 int
| #define SELECT_TYPE_ARG234 (fd_set *)
| #define SELECT_TYPE_ARG5 (struct timeval *)
| #define HAVE_UTIME_H 1
| #define HAVE_UTIME_NULL 1
| #define HAVE_VPRINTF 1
| /* end confdefs.h.  */
| /* Define _doprnt to an innocuous variant, in case <limits.h> declares _doprnt.
|    For example, HP-UX 11i <limits.h> declares gettimeofday.  */
| #define _doprnt innocuous__doprnt
| 
| /* System header to define __stub macros and hopefully few prototypes,
|     which can conflict with char _doprnt (); below.
|     Prefer <limits.h> to <assert.h> if __STDC__ is defined, since
|     <limits.h> exists even on freestanding compilers.  */
| 
| #ifdef __STDC__
| # include <limits.h>
| #else
| # include <assert.h>
| #endif
| 
| #undef _doprnt
| 
| /* Override any GCC internal prototype to avoid an error.
|    Use char because int might match the return type of a GCC
|    builtin and then its argument prototype would still apply.  */
| #ifdef __cplusplus
| extern "C"
| #endif
| char _doprnt ();
| /* The GNU C library defines this for functions which it implements
|     to always fail with ENOSYS.  Some functions are actually named
|     something starting with __ and the normal name is an alias.  */
| #if defined __stub__doprnt || defined __stub____doprnt
| choke me
| #endif
| 
| int
| main ()
| {
| return _doprnt ();
|   ;
|   return 0;
| }
configure:19074: result: no
configure:19088: checking for ishexnumber
configure:19088: gcc -o conftest -g -O2   conftest.c  >&5
configure:19088: $? = 0
configure:19088: result: yes
configure:19088: checking for err
configure:19088: gcc -o conftest -g -O2   conftest.c  >&5
configure:19088: $? = 0
configure:19088: result: yes
configure:19088: checking for errx
configure:19088: gcc -o conftest -g -O2   conftest.c  >&5
configure:19088: $? = 0
configure:19088: result: yes
configure:19088: checking for warn
configure:19088: gcc -o conftest -g -O2   conftest.c  >&5
configure:19088: $? = 0
configure:19088: result: yes
configure:19088: checking for warnx
configure:19088: gcc -o conftest -g -O2   conftest.c  >&5
configure:19088: $? = 0
configure:19088: result: yes
configure:19088: checking for vasprintf
configure:19088: gcc -o conftest -g -O2   conftest.c  >&5
conftest.c:83:19: warning: format string missing [-Wformat]
return vasprintf ();
       ~~~~~~~~~  ^
1 warning generated.
configure:19088: $? = 0
configure:19088: result: yes
configure:19088: checking for getrusage
configure:19088: gcc -o conftest -g -O2   conftest.c  >&5
configure:19088: $? = 0
configure:19088: result: yes
configure:19100: checking for strlcpy
configure:19100: gcc -o conftest -g -O2   conftest.c  >&5
conftest.c:74:6: warning: incompatible redeclaration of library function 'strlcpy' [-Wincompatible-library-redeclaration]
char strlcpy ();
     ^
conftest.c:74:6: note: 'strlcpy' is a builtin with type 'unsigned long (char *, const char *, unsigned long)'
1 warning generated.
configure:19100: $? = 0
configure:19100: result: yes
configure:19100: checking for strlcat
configure:19100: gcc -o conftest -g -O2   conftest.c  >&5
conftest.c:75:6: warning: incompatible redeclaration of library function 'strlcat' [-Wincompatible-library-redeclaration]
char strlcat ();
     ^
conftest.c:75:6: note: 'strlcat' is a builtin with type 'unsigned long (char *, const char *, unsigned long)'
1 warning generated.
configure:19100: $? = 0
configure:19100: result: yes
configure:19229: checking whether pthreads work with -pthread
configure:19317: gcc -o conftest -g -O2 -pthread   conftest.c   >&5
configure:19317: $? = 0
configure:19326: result: yes
configure:19345: checking for joinable pthread attribute
configure:19360: gcc -o conftest -g -O2 -pthread   conftest.c   >&5
configure:19360: $? = 0
configure:19366: result: PTHREAD_CREATE_JOINABLE
configure:19376: checking if more special flags are required for pthreads
configure:19383: result: -D_THREAD_SAFE
configure:19502: checking for main in -lstdc++
configure:19521: gcc -o conftest -g -O2  -D_THREAD_SAFE -pthread -I/usr/local/include  -D_THREAD_SAFE -pthread -L/usr/local/lib conftest.c -lstdc++   >&5
configure:19521: $? = 0
configure:19530: result: yes
configure:19545: checking for list
configure:19545: gcc -c -g -O2  -D_THREAD_SAFE -pthread -I/usr/local/include conftest.c >&5
conftest.c:55:1: error: unknown type name 'as_fn_error'
as_fn_error 0 "missing STL list class header" "19545" 5
^
conftest.c:55:13: error: expected identifier or '('
as_fn_error 0 "missing STL list class header" "19545" 5
            ^
conftest.c:57:10: fatal error: 'list' file not found
#include <list>
         ^~~~~~
3 errors generated.
configure:19545: $? = 1
configure: failed program was:
| /* confdefs.h */
| #define PACKAGE_NAME "sleuthkit"
| #define PACKAGE_TARNAME "sleuthkit"
| #define PACKAGE_VERSION "4.10.1"
| #define PACKAGE_STRING "sleuthkit 4.10.1"
| #define PACKAGE_BUGREPORT ""
| #define PACKAGE_URL ""
| #define PACKAGE "sleuthkit"
| #define VERSION "4.10.1"
| #define STDC_HEADERS 1
| #define HAVE_SYS_TYPES_H 1
| #define HAVE_SYS_STAT_H 1
| #define HAVE_STDLIB_H 1
| #define HAVE_STRING_H 1
| #define HAVE_MEMORY_H 1
| #define HAVE_STRINGS_H 1
| #define HAVE_INTTYPES_H 1
| #define HAVE_STDINT_H 1
| #define HAVE_UNISTD_H 1
| #define HAVE_DLFCN_H 1
| #define LT_OBJDIR ".libs/"
| #define HAVE_CXX14 1
| #define STDC_HEADERS 1
| #define HAVE_ERR_H 1
| #define HAVE_INTTYPES_H 1
| #define HAVE_UNISTD_H 1
| #define HAVE_STDINT_H 1
| #define HAVE_SYS_PARAM_H 1
| #define HAVE_SYS_RESOURCE_H 1
| #define HAVE__BOOL 1
| #define HAVE_STDBOOL_H 1
| #define HAVE_ALLOCA_H 1
| #define HAVE_ALLOCA 1
| #define HAVE_FSEEKO 1
| #define HAVE_SYS_SELECT_H 1
| #define HAVE_SYS_SOCKET_H 1
| #define SELECT_TYPE_ARG1 int
| #define SELECT_TYPE_ARG234 (fd_set *)
| #define SELECT_TYPE_ARG5 (struct timeval *)
| #define HAVE_UTIME_H 1
| #define HAVE_UTIME_NULL 1
| #define HAVE_VPRINTF 1
| #define HAVE_ISHEXNUMBER 1
| #define HAVE_ERR 1
| #define HAVE_ERRX 1
| #define HAVE_WARN 1
| #define HAVE_WARNX 1
| #define HAVE_VASPRINTF 1
| #define HAVE_GETRUSAGE 1
| #define HAVE_STRLCPY 1
| #define HAVE_STRLCAT 1
| #define HAVE_PTHREAD 1
| #define HAVE_LIBSTDC__ 1
| /* end confdefs.h.  */
| as_fn_error 0 "missing STL list class header" "19545" 5
| 
| #include <list>
configure:19545: result: no
configure:19558: checking for map
configure:19558: gcc -c -g -O2  -D_THREAD_SAFE -pthread -I/usr/local/include conftest.c >&5
conftest.c:55:1: error: unknown type name 'as_fn_error'
as_fn_error 0 "missing STL map class header" "19558" 5
^
conftest.c:55:13: error: expected identifier or '('
as_fn_error 0 "missing STL map class header" "19558" 5
            ^
conftest.c:57:10: fatal error: 'map' file not found
#include <map>
         ^~~~~
3 errors generated.
configure:19558: $? = 1
configure: failed program was:
| /* confdefs.h */
| #define PACKAGE_NAME "sleuthkit"
| #define PACKAGE_TARNAME "sleuthkit"
| #define PACKAGE_VERSION "4.10.1"
| #define PACKAGE_STRING "sleuthkit 4.10.1"
| #define PACKAGE_BUGREPORT ""
| #define PACKAGE_URL ""
| #define PACKAGE "sleuthkit"
| #define VERSION "4.10.1"
| #define STDC_HEADERS 1
| #define HAVE_SYS_TYPES_H 1
| #define HAVE_SYS_STAT_H 1
| #define HAVE_STDLIB_H 1
| #define HAVE_STRING_H 1
| #define HAVE_MEMORY_H 1
| #define HAVE_STRINGS_H 1
| #define HAVE_INTTYPES_H 1
| #define HAVE_STDINT_H 1
| #define HAVE_UNISTD_H 1
| #define HAVE_DLFCN_H 1
| #define LT_OBJDIR ".libs/"
| #define HAVE_CXX14 1
| #define STDC_HEADERS 1
| #define HAVE_ERR_H 1
| #define HAVE_INTTYPES_H 1
| #define HAVE_UNISTD_H 1
| #define HAVE_STDINT_H 1
| #define HAVE_SYS_PARAM_H 1
| #define HAVE_SYS_RESOURCE_H 1
| #define HAVE__BOOL 1
| #define HAVE_STDBOOL_H 1
| #define HAVE_ALLOCA_H 1
| #define HAVE_ALLOCA 1
| #define HAVE_FSEEKO 1
| #define HAVE_SYS_SELECT_H 1
| #define HAVE_SYS_SOCKET_H 1
| #define SELECT_TYPE_ARG1 int
| #define SELECT_TYPE_ARG234 (fd_set *)
| #define SELECT_TYPE_ARG5 (struct timeval *)
| #define HAVE_UTIME_H 1
| #define HAVE_UTIME_NULL 1
| #define HAVE_VPRINTF 1
| #define HAVE_ISHEXNUMBER 1
| #define HAVE_ERR 1
| #define HAVE_ERRX 1
| #define HAVE_WARN 1
| #define HAVE_WARNX 1
| #define HAVE_VASPRINTF 1
| #define HAVE_GETRUSAGE 1
| #define HAVE_STRLCPY 1
| #define HAVE_STRLCAT 1
| #define HAVE_PTHREAD 1
| #define HAVE_LIBSTDC__ 1
| /* end confdefs.h.  */
| as_fn_error 0 "missing STL map class header" "19558" 5
| 
| #include <map>
configure:19558: result: no
configure:19571: checking for queue
configure:19571: gcc -c -g -O2  -D_THREAD_SAFE -pthread -I/usr/local/include conftest.c >&5
conftest.c:55:1: error: unknown type name 'as_fn_error'
as_fn_error 0 "missing STL queue class header" "19571" 5
^
conftest.c:55:13: error: expected identifier or '('
as_fn_error 0 "missing STL queue class header" "19571" 5
            ^
conftest.c:57:10: fatal error: 'queue' file not found
#include <queue>
         ^~~~~~~
3 errors generated.
configure:19571: $? = 1
configure: failed program was:
| /* confdefs.h */
| #define PACKAGE_NAME "sleuthkit"
| #define PACKAGE_TARNAME "sleuthkit"
| #define PACKAGE_VERSION "4.10.1"
| #define PACKAGE_STRING "sleuthkit 4.10.1"
| #define PACKAGE_BUGREPORT ""
| #define PACKAGE_URL ""
| #define PACKAGE "sleuthkit"
| #define VERSION "4.10.1"
| #define STDC_HEADERS 1
| #define HAVE_SYS_TYPES_H 1
| #define HAVE_SYS_STAT_H 1
| #define HAVE_STDLIB_H 1
| #define HAVE_STRING_H 1
| #define HAVE_MEMORY_H 1
| #define HAVE_STRINGS_H 1
| #define HAVE_INTTYPES_H 1
| #define HAVE_STDINT_H 1
| #define HAVE_UNISTD_H 1
| #define HAVE_DLFCN_H 1
| #define LT_OBJDIR ".libs/"
| #define HAVE_CXX14 1
| #define STDC_HEADERS 1
| #define HAVE_ERR_H 1
| #define HAVE_INTTYPES_H 1
| #define HAVE_UNISTD_H 1
| #define HAVE_STDINT_H 1
| #define HAVE_SYS_PARAM_H 1
| #define HAVE_SYS_RESOURCE_H 1
| #define HAVE__BOOL 1
| #define HAVE_STDBOOL_H 1
| #define HAVE_ALLOCA_H 1
| #define HAVE_ALLOCA 1
| #define HAVE_FSEEKO 1
| #define HAVE_SYS_SELECT_H 1
| #define HAVE_SYS_SOCKET_H 1
| #define SELECT_TYPE_ARG1 int
| #define SELECT_TYPE_ARG234 (fd_set *)
| #define SELECT_TYPE_ARG5 (struct timeval *)
| #define HAVE_UTIME_H 1
| #define HAVE_UTIME_NULL 1
| #define HAVE_VPRINTF 1
| #define HAVE_ISHEXNUMBER 1
| #define HAVE_ERR 1
| #define HAVE_ERRX 1
| #define HAVE_WARN 1
| #define HAVE_WARNX 1
| #define HAVE_VASPRINTF 1
| #define HAVE_GETRUSAGE 1
| #define HAVE_STRLCPY 1
| #define HAVE_STRLCAT 1
| #define HAVE_PTHREAD 1
| #define HAVE_LIBSTDC__ 1
| /* end confdefs.h.  */
| as_fn_error 0 "missing STL queue class header" "19571" 5
| 
| #include <queue>
configure:19571: result: no
configure:19584: checking for set
configure:19584: gcc -c -g -O2  -D_THREAD_SAFE -pthread -I/usr/local/include conftest.c >&5
conftest.c:55:1: error: unknown type name 'as_fn_error'
as_fn_error 0 "missing STL set class header" "19584" 5
^
conftest.c:55:13: error: expected identifier or '('
as_fn_error 0 "missing STL set class header" "19584" 5
            ^
conftest.c:57:10: fatal error: 'set' file not found
#include <set>
         ^~~~~
3 errors generated.
configure:19584: $? = 1
configure: failed program was:
| /* confdefs.h */
| #define PACKAGE_NAME "sleuthkit"
| #define PACKAGE_TARNAME "sleuthkit"
| #define PACKAGE_VERSION "4.10.1"
| #define PACKAGE_STRING "sleuthkit 4.10.1"
| #define PACKAGE_BUGREPORT ""
| #define PACKAGE_URL ""
| #define PACKAGE "sleuthkit"
| #define VERSION "4.10.1"
| #define STDC_HEADERS 1
| #define HAVE_SYS_TYPES_H 1
| #define HAVE_SYS_STAT_H 1
| #define HAVE_STDLIB_H 1
| #define HAVE_STRING_H 1
| #define HAVE_MEMORY_H 1
| #define HAVE_STRINGS_H 1
| #define HAVE_INTTYPES_H 1
| #define HAVE_STDINT_H 1
| #define HAVE_UNISTD_H 1
| #define HAVE_DLFCN_H 1
| #define LT_OBJDIR ".libs/"
| #define HAVE_CXX14 1
| #define STDC_HEADERS 1
| #define HAVE_ERR_H 1
| #define HAVE_INTTYPES_H 1
| #define HAVE_UNISTD_H 1
| #define HAVE_STDINT_H 1
| #define HAVE_SYS_PARAM_H 1
| #define HAVE_SYS_RESOURCE_H 1
| #define HAVE__BOOL 1
| #define HAVE_STDBOOL_H 1
| #define HAVE_ALLOCA_H 1
| #define HAVE_ALLOCA 1
| #define HAVE_FSEEKO 1
| #define HAVE_SYS_SELECT_H 1
| #define HAVE_SYS_SOCKET_H 1
| #define SELECT_TYPE_ARG1 int
| #define SELECT_TYPE_ARG234 (fd_set *)
| #define SELECT_TYPE_ARG5 (struct timeval *)
| #define HAVE_UTIME_H 1
| #define HAVE_UTIME_NULL 1
| #define HAVE_VPRINTF 1
| #define HAVE_ISHEXNUMBER 1
| #define HAVE_ERR 1
| #define HAVE_ERRX 1
| #define HAVE_WARN 1
| #define HAVE_WARNX 1
| #define HAVE_VASPRINTF 1
| #define HAVE_GETRUSAGE 1
| #define HAVE_STRLCPY 1
| #define HAVE_STRLCAT 1
| #define HAVE_PTHREAD 1
| #define HAVE_LIBSTDC__ 1
| /* end confdefs.h.  */
| as_fn_error 0 "missing STL set class header" "19584" 5
| 
| #include <set>
configure:19584: result: no
configure:19597: checking for stack
configure:19597: gcc -c -g -O2  -D_THREAD_SAFE -pthread -I/usr/local/include conftest.c >&5
conftest.c:55:1: error: unknown type name 'as_fn_error'
as_fn_error 0 "missing STL stack class header" "19597" 5
^
conftest.c:55:13: error: expected identifier or '('
as_fn_error 0 "missing STL stack class header" "19597" 5
            ^
conftest.c:57:10: fatal error: 'stack' file not found
#include <stack>
         ^~~~~~~
3 errors generated.
configure:19597: $? = 1
configure: failed program was:
| /* confdefs.h */
| #define PACKAGE_NAME "sleuthkit"
| #define PACKAGE_TARNAME "sleuthkit"
| #define PACKAGE_VERSION "4.10.1"
| #define PACKAGE_STRING "sleuthkit 4.10.1"
| #define PACKAGE_BUGREPORT ""
| #define PACKAGE_URL ""
| #define PACKAGE "sleuthkit"
| #define VERSION "4.10.1"
| #define STDC_HEADERS 1
| #define HAVE_SYS_TYPES_H 1
| #define HAVE_SYS_STAT_H 1
| #define HAVE_STDLIB_H 1
| #define HAVE_STRING_H 1
| #define HAVE_MEMORY_H 1
| #define HAVE_STRINGS_H 1
| #define HAVE_INTTYPES_H 1
| #define HAVE_STDINT_H 1
| #define HAVE_UNISTD_H 1
| #define HAVE_DLFCN_H 1
| #define LT_OBJDIR ".libs/"
| #define HAVE_CXX14 1
| #define STDC_HEADERS 1
| #define HAVE_ERR_H 1
| #define HAVE_INTTYPES_H 1
| #define HAVE_UNISTD_H 1
| #define HAVE_STDINT_H 1
| #define HAVE_SYS_PARAM_H 1
| #define HAVE_SYS_RESOURCE_H 1
| #define HAVE__BOOL 1
| #define HAVE_STDBOOL_H 1
| #define HAVE_ALLOCA_H 1
| #define HAVE_ALLOCA 1
| #define HAVE_FSEEKO 1
| #define HAVE_SYS_SELECT_H 1
| #define HAVE_SYS_SOCKET_H 1
| #define SELECT_TYPE_ARG1 int
| #define SELECT_TYPE_ARG234 (fd_set *)
| #define SELECT_TYPE_ARG5 (struct timeval *)
| #define HAVE_UTIME_H 1
| #define HAVE_UTIME_NULL 1
| #define HAVE_VPRINTF 1
| #define HAVE_ISHEXNUMBER 1
| #define HAVE_ERR 1
| #define HAVE_ERRX 1
| #define HAVE_WARN 1
| #define HAVE_WARNX 1
| #define HAVE_VASPRINTF 1
| #define HAVE_GETRUSAGE 1
| #define HAVE_STRLCPY 1
| #define HAVE_STRLCAT 1
| #define HAVE_PTHREAD 1
| #define HAVE_LIBSTDC__ 1
| /* end confdefs.h.  */
| as_fn_error 0 "missing STL stack class header" "19597" 5
| 
| #include <stack>
configure:19597: result: no
configure:19610: checking for streambuf
configure:19610: gcc -c -g -O2  -D_THREAD_SAFE -pthread -I/usr/local/include conftest.c >&5
conftest.c:55:1: error: unknown type name 'as_fn_error'
as_fn_error 0 "missing STL streambuf class header" "19610" 5
^
conftest.c:55:13: error: expected identifier or '('
as_fn_error 0 "missing STL streambuf class header" "19610" 5
            ^
conftest.c:57:10: fatal error: 'streambuf' file not found
#include <streambuf>
         ^~~~~~~~~~~
3 errors generated.
configure:19610: $? = 1
configure: failed program was:
| /* confdefs.h */
| #define PACKAGE_NAME "sleuthkit"
| #define PACKAGE_TARNAME "sleuthkit"
| #define PACKAGE_VERSION "4.10.1"
| #define PACKAGE_STRING "sleuthkit 4.10.1"
| #define PACKAGE_BUGREPORT ""
| #define PACKAGE_URL ""
| #define PACKAGE "sleuthkit"
| #define VERSION "4.10.1"
| #define STDC_HEADERS 1
| #define HAVE_SYS_TYPES_H 1
| #define HAVE_SYS_STAT_H 1
| #define HAVE_STDLIB_H 1
| #define HAVE_STRING_H 1
| #define HAVE_MEMORY_H 1
| #define HAVE_STRINGS_H 1
| #define HAVE_INTTYPES_H 1
| #define HAVE_STDINT_H 1
| #define HAVE_UNISTD_H 1
| #define HAVE_DLFCN_H 1
| #define LT_OBJDIR ".libs/"
| #define HAVE_CXX14 1
| #define STDC_HEADERS 1
| #define HAVE_ERR_H 1
| #define HAVE_INTTYPES_H 1
| #define HAVE_UNISTD_H 1
| #define HAVE_STDINT_H 1
| #define HAVE_SYS_PARAM_H 1
| #define HAVE_SYS_RESOURCE_H 1
| #define HAVE__BOOL 1
| #define HAVE_STDBOOL_H 1
| #define HAVE_ALLOCA_H 1
| #define HAVE_ALLOCA 1
| #define HAVE_FSEEKO 1
| #define HAVE_SYS_SELECT_H 1
| #define HAVE_SYS_SOCKET_H 1
| #define SELECT_TYPE_ARG1 int
| #define SELECT_TYPE_ARG234 (fd_set *)
| #define SELECT_TYPE_ARG5 (struct timeval *)
| #define HAVE_UTIME_H 1
| #define HAVE_UTIME_NULL 1
| #define HAVE_VPRINTF 1
| #define HAVE_ISHEXNUMBER 1
| #define HAVE_ERR 1
| #define HAVE_ERRX 1
| #define HAVE_WARN 1
| #define HAVE_WARNX 1
| #define HAVE_VASPRINTF 1
| #define HAVE_GETRUSAGE 1
| #define HAVE_STRLCPY 1
| #define HAVE_STRLCAT 1
| #define HAVE_PTHREAD 1
| #define HAVE_LIBSTDC__ 1
| /* end confdefs.h.  */
| as_fn_error 0 "missing STL streambuf class header" "19610" 5
| 
| #include <streambuf>
configure:19610: result: no
configure:19623: checking for string
configure:19623: gcc -c -g -O2  -D_THREAD_SAFE -pthread -I/usr/local/include conftest.c >&5
conftest.c:55:1: error: unknown type name 'as_fn_error'
as_fn_error 0 "missing STL string class header" "19623" 5
^
conftest.c:55:13: error: expected identifier or '('
as_fn_error 0 "missing STL string class header" "19623" 5
            ^
conftest.c:57:10: fatal error: 'string' file not found
#include <string>
         ^~~~~~~~
3 errors generated.
configure:19623: $? = 1
configure: failed program was:
| /* confdefs.h */
| #define PACKAGE_NAME "sleuthkit"
| #define PACKAGE_TARNAME "sleuthkit"
| #define PACKAGE_VERSION "4.10.1"
| #define PACKAGE_STRING "sleuthkit 4.10.1"
| #define PACKAGE_BUGREPORT ""
| #define PACKAGE_URL ""
| #define PACKAGE "sleuthkit"
| #define VERSION "4.10.1"
| #define STDC_HEADERS 1
| #define HAVE_SYS_TYPES_H 1
| #define HAVE_SYS_STAT_H 1
| #define HAVE_STDLIB_H 1
| #define HAVE_STRING_H 1
| #define HAVE_MEMORY_H 1
| #define HAVE_STRINGS_H 1
| #define HAVE_INTTYPES_H 1
| #define HAVE_STDINT_H 1
| #define HAVE_UNISTD_H 1
| #define HAVE_DLFCN_H 1
| #define LT_OBJDIR ".libs/"
| #define HAVE_CXX14 1
| #define STDC_HEADERS 1
| #define HAVE_ERR_H 1
| #define HAVE_INTTYPES_H 1
| #define HAVE_UNISTD_H 1
| #define HAVE_STDINT_H 1
| #define HAVE_SYS_PARAM_H 1
| #define HAVE_SYS_RESOURCE_H 1
| #define HAVE__BOOL 1
| #define HAVE_STDBOOL_H 1
| #define HAVE_ALLOCA_H 1
| #define HAVE_ALLOCA 1
| #define HAVE_FSEEKO 1
| #define HAVE_SYS_SELECT_H 1
| #define HAVE_SYS_SOCKET_H 1
| #define SELECT_TYPE_ARG1 int
| #define SELECT_TYPE_ARG234 (fd_set *)
| #define SELECT_TYPE_ARG5 (struct timeval *)
| #define HAVE_UTIME_H 1
| #define HAVE_UTIME_NULL 1
| #define HAVE_VPRINTF 1
| #define HAVE_ISHEXNUMBER 1
| #define HAVE_ERR 1
| #define HAVE_ERRX 1
| #define HAVE_WARN 1
| #define HAVE_WARNX 1
| #define HAVE_VASPRINTF 1
| #define HAVE_GETRUSAGE 1
| #define HAVE_STRLCPY 1
| #define HAVE_STRLCAT 1
| #define HAVE_PTHREAD 1
| #define HAVE_LIBSTDC__ 1
| /* end confdefs.h.  */
| as_fn_error 0 "missing STL string class header" "19623" 5
| 
| #include <string>
configure:19623: result: no
configure:19636: checking for vector
configure:19636: gcc -c -g -O2  -D_THREAD_SAFE -pthread -I/usr/local/include conftest.c >&5
conftest.c:55:1: error: unknown type name 'as_fn_error'
as_fn_error 0 "missing STL vector class header" "19636" 5
^
conftest.c:55:13: error: expected identifier or '('
as_fn_error 0 "missing STL vector class header" "19636" 5
            ^
conftest.c:57:10: fatal error: 'vector' file not found
#include <vector>
         ^~~~~~~~
3 errors generated.
configure:19636: $? = 1
configure: failed program was:
| /* confdefs.h */
| #define PACKAGE_NAME "sleuthkit"
| #define PACKAGE_TARNAME "sleuthkit"
| #define PACKAGE_VERSION "4.10.1"
| #define PACKAGE_STRING "sleuthkit 4.10.1"
| #define PACKAGE_BUGREPORT ""
| #define PACKAGE_URL ""
| #define PACKAGE "sleuthkit"
| #define VERSION "4.10.1"
| #define STDC_HEADERS 1
| #define HAVE_SYS_TYPES_H 1
| #define HAVE_SYS_STAT_H 1
| #define HAVE_STDLIB_H 1
| #define HAVE_STRING_H 1
| #define HAVE_MEMORY_H 1
| #define HAVE_STRINGS_H 1
| #define HAVE_INTTYPES_H 1
| #define HAVE_STDINT_H 1
| #define HAVE_UNISTD_H 1
| #define HAVE_DLFCN_H 1
| #define LT_OBJDIR ".libs/"
| #define HAVE_CXX14 1
| #define STDC_HEADERS 1
| #define HAVE_ERR_H 1
| #define HAVE_INTTYPES_H 1
| #define HAVE_UNISTD_H 1
| #define HAVE_STDINT_H 1
| #define HAVE_SYS_PARAM_H 1
| #define HAVE_SYS_RESOURCE_H 1
| #define HAVE__BOOL 1
| #define HAVE_STDBOOL_H 1
| #define HAVE_ALLOCA_H 1
| #define HAVE_ALLOCA 1
| #define HAVE_FSEEKO 1
| #define HAVE_SYS_SELECT_H 1
| #define HAVE_SYS_SOCKET_H 1
| #define SELECT_TYPE_ARG1 int
| #define SELECT_TYPE_ARG234 (fd_set *)
| #define SELECT_TYPE_ARG5 (struct timeval *)
| #define HAVE_UTIME_H 1
| #define HAVE_UTIME_NULL 1
| #define HAVE_VPRINTF 1
| #define HAVE_ISHEXNUMBER 1
| #define HAVE_ERR 1
| #define HAVE_ERRX 1
| #define HAVE_WARN 1
| #define HAVE_WARNX 1
| #define HAVE_VASPRINTF 1
| #define HAVE_GETRUSAGE 1
| #define HAVE_STRLCPY 1
| #define HAVE_STRLCAT 1
| #define HAVE_PTHREAD 1
| #define HAVE_LIBSTDC__ 1
| /* end confdefs.h.  */
| as_fn_error 0 "missing STL vector class header" "19636" 5
| 
| #include <vector>
configure:19636: result: no
configure:19650: checking sqlite3.h usability
configure:19650: gcc -c -g -O2  -D_THREAD_SAFE -pthread -I/usr/local/include conftest.c >&5
configure:19650: $? = 0
configure:19650: result: yes
configure:19650: checking sqlite3.h presence
configure:19650: gcc -E  -D_THREAD_SAFE -pthread -I/usr/local/include conftest.c
configure:19650: $? = 0
configure:19650: result: yes
configure:19650: checking for sqlite3.h
configure:19650: result: yes
configure:19655: checking for dlopen in -ldl
configure:19680: gcc -o conftest -g -O2  -D_THREAD_SAFE -pthread -I/usr/local/include  -D_THREAD_SAFE -pthread -L/usr/local/lib conftest.c -ldl  -lstdc++  >&5
configure:19680: $? = 0
configure:19689: result: yes
configure:19700: checking for sqlite3_open in -lsqlite3
configure:19725: gcc -o conftest -g -O2  -D_THREAD_SAFE -pthread -I/usr/local/include  -D_THREAD_SAFE -pthread -L/usr/local/lib conftest.c -lsqlite3  -ldl -lstdc++  >&5
configure:19725: $? = 0
configure:19734: result: yes
configure:19749: checking which sqlite3 to use
configure:19752: result: system
configure:19793: checking afflib/afflib.h usability
configure:19793: gcc -c -g -O2  -D_THREAD_SAFE -pthread -I/usr/local/include conftest.c >&5
conftest.c:91:10: fatal error: 'afflib/afflib.h' file not found
#include <afflib/afflib.h>
         ^~~~~~~~~~~~~~~~~
1 error generated.
configure:19793: $? = 1
configure: failed program was:
| /* confdefs.h */
| #define PACKAGE_NAME "sleuthkit"
| #define PACKAGE_TARNAME "sleuthkit"
| #define PACKAGE_VERSION "4.10.1"
| #define PACKAGE_STRING "sleuthkit 4.10.1"
| #define PACKAGE_BUGREPORT ""
| #define PACKAGE_URL ""
| #define PACKAGE "sleuthkit"
| #define VERSION "4.10.1"
| #define STDC_HEADERS 1
| #define HAVE_SYS_TYPES_H 1
| #define HAVE_SYS_STAT_H 1
| #define HAVE_STDLIB_H 1
| #define HAVE_STRING_H 1
| #define HAVE_MEMORY_H 1
| #define HAVE_STRINGS_H 1
| #define HAVE_INTTYPES_H 1
| #define HAVE_STDINT_H 1
| #define HAVE_UNISTD_H 1
| #define HAVE_DLFCN_H 1
| #define LT_OBJDIR ".libs/"
| #define HAVE_CXX14 1
| #define STDC_HEADERS 1
| #define HAVE_ERR_H 1
| #define HAVE_INTTYPES_H 1
| #define HAVE_UNISTD_H 1
| #define HAVE_STDINT_H 1
| #define HAVE_SYS_PARAM_H 1
| #define HAVE_SYS_RESOURCE_H 1
| #define HAVE__BOOL 1
| #define HAVE_STDBOOL_H 1
| #define HAVE_ALLOCA_H 1
| #define HAVE_ALLOCA 1
| #define HAVE_FSEEKO 1
| #define HAVE_SYS_SELECT_H 1
| #define HAVE_SYS_SOCKET_H 1
| #define SELECT_TYPE_ARG1 int
| #define SELECT_TYPE_ARG234 (fd_set *)
| #define SELECT_TYPE_ARG5 (struct timeval *)
| #define HAVE_UTIME_H 1
| #define HAVE_UTIME_NULL 1
| #define HAVE_VPRINTF 1
| #define HAVE_ISHEXNUMBER 1
| #define HAVE_ERR 1
| #define HAVE_ERRX 1
| #define HAVE_WARN 1
| #define HAVE_WARNX 1
| #define HAVE_VASPRINTF 1
| #define HAVE_GETRUSAGE 1
| #define HAVE_STRLCPY 1
| #define HAVE_STRLCAT 1
| #define HAVE_PTHREAD 1
| #define HAVE_LIBSTDC__ 1
| #define HAVE_SQLITE3_H 1
| #define HAVE_LIBDL 1
| #define HAVE_LIBSQLITE3 1
| /* end confdefs.h.  */
| #include <stdio.h>
| #ifdef HAVE_SYS_TYPES_H
| # include <sys/types.h>
| #endif
| #ifdef HAVE_SYS_STAT_H
| # include <sys/stat.h>
| #endif
| #ifdef STDC_HEADERS
| # include <stdlib.h>
| # include <stddef.h>
| #else
| # ifdef HAVE_STDLIB_H
| #  include <stdlib.h>
| # endif
| #endif
| #ifdef HAVE_STRING_H
| # if !defined STDC_HEADERS && defined HAVE_MEMORY_H
| #  include <memory.h>
| # endif
| # include <string.h>
| #endif
| #ifdef HAVE_STRINGS_H
| # include <strings.h>
| #endif
| #ifdef HAVE_INTTYPES_H
| # include <inttypes.h>
| #endif
| #ifdef HAVE_STDINT_H
| # include <stdint.h>
| #endif
| #ifdef HAVE_UNISTD_H
| # include <unistd.h>
| #endif
| #include <afflib/afflib.h>
configure:19793: result: no
configure:19793: checking afflib/afflib.h presence
configure:19793: gcc -E  -D_THREAD_SAFE -pthread -I/usr/local/include conftest.c
conftest.c:58:10: fatal error: 'afflib/afflib.h' file not found
#include <afflib/afflib.h>
         ^~~~~~~~~~~~~~~~~
1 error generated.
configure:19793: $? = 1
configure: failed program was:
| /* confdefs.h */
| #define PACKAGE_NAME "sleuthkit"
| #define PACKAGE_TARNAME "sleuthkit"
| #define PACKAGE_VERSION "4.10.1"
| #define PACKAGE_STRING "sleuthkit 4.10.1"
| #define PACKAGE_BUGREPORT ""
| #define PACKAGE_URL ""
| #define PACKAGE "sleuthkit"
| #define VERSION "4.10.1"
| #define STDC_HEADERS 1
| #define HAVE_SYS_TYPES_H 1
| #define HAVE_SYS_STAT_H 1
| #define HAVE_STDLIB_H 1
| #define HAVE_STRING_H 1
| #define HAVE_MEMORY_H 1
| #define HAVE_STRINGS_H 1
| #define HAVE_INTTYPES_H 1
| #define HAVE_STDINT_H 1
| #define HAVE_UNISTD_H 1
| #define HAVE_DLFCN_H 1
| #define LT_OBJDIR ".libs/"
| #define HAVE_CXX14 1
| #define STDC_HEADERS 1
| #define HAVE_ERR_H 1
| #define HAVE_INTTYPES_H 1
| #define HAVE_UNISTD_H 1
| #define HAVE_STDINT_H 1
| #define HAVE_SYS_PARAM_H 1
| #define HAVE_SYS_RESOURCE_H 1
| #define HAVE__BOOL 1
| #define HAVE_STDBOOL_H 1
| #define HAVE_ALLOCA_H 1
| #define HAVE_ALLOCA 1
| #define HAVE_FSEEKO 1
| #define HAVE_SYS_SELECT_H 1
| #define HAVE_SYS_SOCKET_H 1
| #define SELECT_TYPE_ARG1 int
| #define SELECT_TYPE_ARG234 (fd_set *)
| #define SELECT_TYPE_ARG5 (struct timeval *)
| #define HAVE_UTIME_H 1
| #define HAVE_UTIME_NULL 1
| #define HAVE_VPRINTF 1
| #define HAVE_ISHEXNUMBER 1
| #define HAVE_ERR 1
| #define HAVE_ERRX 1
| #define HAVE_WARN 1
| #define HAVE_WARNX 1
| #define HAVE_VASPRINTF 1
| #define HAVE_GETRUSAGE 1
| #define HAVE_STRLCPY 1
| #define HAVE_STRLCAT 1
| #define HAVE_PTHREAD 1
| #define HAVE_LIBSTDC__ 1
| #define HAVE_SQLITE3_H 1
| #define HAVE_LIBDL 1
| #define HAVE_LIBSQLITE3 1
| /* end confdefs.h.  */
| #include <afflib/afflib.h>
configure:19793: result: no
configure:19793: checking for afflib/afflib.h
configure:19793: result: no
configure:19867: checking for zlib
configure:19886: checking zlib.h usability
configure:19886: gcc -c -g -O2  -D_THREAD_SAFE -pthread -I/usr/local/include conftest.c >&5
configure:19886: $? = 0
configure:19886: result: yes
configure:19886: checking zlib.h presence
configure:19886: gcc -E  -D_THREAD_SAFE -pthread -I/usr/local/include conftest.c
configure:19886: $? = 0
configure:19886: result: yes
configure:19886: checking for zlib.h
configure:19886: result: yes
configure:19891: checking for inflate in -lz
configure:19916: gcc -o conftest -g -O2  -D_THREAD_SAFE -pthread -I/usr/local/include  -D_THREAD_SAFE -pthread -L/usr/local/lib conftest.c -lz  -lsqlite3 -ldl -lstdc++  >&5
configure:19916: $? = 0
configure:19925: result: yes
configure:19979: checking for dlopen in -ldl
configure:20013: result: yes
configure:20073: checking libewf.h usability
configure:20073: gcc -c -g -O2  -D_THREAD_SAFE -pthread -I/usr/local/include conftest.c >&5
conftest.c:94:10: fatal error: 'libewf.h' file not found
#include <libewf.h>
         ^~~~~~~~~~
1 error generated.
configure:20073: $? = 1
configure: failed program was:
| /* confdefs.h */
| #define PACKAGE_NAME "sleuthkit"
| #define PACKAGE_TARNAME "sleuthkit"
| #define PACKAGE_VERSION "4.10.1"
| #define PACKAGE_STRING "sleuthkit 4.10.1"
| #define PACKAGE_BUGREPORT ""
| #define PACKAGE_URL ""
| #define PACKAGE "sleuthkit"
| #define VERSION "4.10.1"
| #define STDC_HEADERS 1
| #define HAVE_SYS_TYPES_H 1
| #define HAVE_SYS_STAT_H 1
| #define HAVE_STDLIB_H 1
| #define HAVE_STRING_H 1
| #define HAVE_MEMORY_H 1
| #define HAVE_STRINGS_H 1
| #define HAVE_INTTYPES_H 1
| #define HAVE_STDINT_H 1
| #define HAVE_UNISTD_H 1
| #define HAVE_DLFCN_H 1
| #define LT_OBJDIR ".libs/"
| #define HAVE_CXX14 1
| #define STDC_HEADERS 1
| #define HAVE_ERR_H 1
| #define HAVE_INTTYPES_H 1
| #define HAVE_UNISTD_H 1
| #define HAVE_STDINT_H 1
| #define HAVE_SYS_PARAM_H 1
| #define HAVE_SYS_RESOURCE_H 1
| #define HAVE__BOOL 1
| #define HAVE_STDBOOL_H 1
| #define HAVE_ALLOCA_H 1
| #define HAVE_ALLOCA 1
| #define HAVE_FSEEKO 1
| #define HAVE_SYS_SELECT_H 1
| #define HAVE_SYS_SOCKET_H 1
| #define SELECT_TYPE_ARG1 int
| #define SELECT_TYPE_ARG234 (fd_set *)
| #define SELECT_TYPE_ARG5 (struct timeval *)
| #define HAVE_UTIME_H 1
| #define HAVE_UTIME_NULL 1
| #define HAVE_VPRINTF 1
| #define HAVE_ISHEXNUMBER 1
| #define HAVE_ERR 1
| #define HAVE_ERRX 1
| #define HAVE_WARN 1
| #define HAVE_WARNX 1
| #define HAVE_VASPRINTF 1
| #define HAVE_GETRUSAGE 1
| #define HAVE_STRLCPY 1
| #define HAVE_STRLCAT 1
| #define HAVE_PTHREAD 1
| #define HAVE_LIBSTDC__ 1
| #define HAVE_SQLITE3_H 1
| #define HAVE_LIBDL 1
| #define HAVE_LIBSQLITE3 1
| #define HAVE_ZLIB_H 1
| #define HAVE_LIBZ 1
| #define HAVE_LIBDL 1
| /* end confdefs.h.  */
| #include <stdio.h>
| #ifdef HAVE_SYS_TYPES_H
| # include <sys/types.h>
| #endif
| #ifdef HAVE_SYS_STAT_H
| # include <sys/stat.h>
| #endif
| #ifdef STDC_HEADERS
| # include <stdlib.h>
| # include <stddef.h>
| #else
| # ifdef HAVE_STDLIB_H
| #  include <stdlib.h>
| # endif
| #endif
| #ifdef HAVE_STRING_H
| # if !defined STDC_HEADERS && defined HAVE_MEMORY_H
| #  include <memory.h>
| # endif
| # include <string.h>
| #endif
| #ifdef HAVE_STRINGS_H
| # include <strings.h>
| #endif
| #ifdef HAVE_INTTYPES_H
| # include <inttypes.h>
| #endif
| #ifdef HAVE_STDINT_H
| # include <stdint.h>
| #endif
| #ifdef HAVE_UNISTD_H
| # include <unistd.h>
| #endif
| #include <libewf.h>
configure:20073: result: no
configure:20073: checking libewf.h presence
configure:20073: gcc -E  -D_THREAD_SAFE -pthread -I/usr/local/include conftest.c
conftest.c:61:10: fatal error: 'libewf.h' file not found
#include <libewf.h>
         ^~~~~~~~~~
1 error generated.
configure:20073: $? = 1
configure: failed program was:
| /* confdefs.h */
| #define PACKAGE_NAME "sleuthkit"
| #define PACKAGE_TARNAME "sleuthkit"
| #define PACKAGE_VERSION "4.10.1"
| #define PACKAGE_STRING "sleuthkit 4.10.1"
| #define PACKAGE_BUGREPORT ""
| #define PACKAGE_URL ""
| #define PACKAGE "sleuthkit"
| #define VERSION "4.10.1"
| #define STDC_HEADERS 1
| #define HAVE_SYS_TYPES_H 1
| #define HAVE_SYS_STAT_H 1
| #define HAVE_STDLIB_H 1
| #define HAVE_STRING_H 1
| #define HAVE_MEMORY_H 1
| #define HAVE_STRINGS_H 1
| #define HAVE_INTTYPES_H 1
| #define HAVE_STDINT_H 1
| #define HAVE_UNISTD_H 1
| #define HAVE_DLFCN_H 1
| #define LT_OBJDIR ".libs/"
| #define HAVE_CXX14 1
| #define STDC_HEADERS 1
| #define HAVE_ERR_H 1
| #define HAVE_INTTYPES_H 1
| #define HAVE_UNISTD_H 1
| #define HAVE_STDINT_H 1
| #define HAVE_SYS_PARAM_H 1
| #define HAVE_SYS_RESOURCE_H 1
| #define HAVE__BOOL 1
| #define HAVE_STDBOOL_H 1
| #define HAVE_ALLOCA_H 1
| #define HAVE_ALLOCA 1
| #define HAVE_FSEEKO 1
| #define HAVE_SYS_SELECT_H 1
| #define HAVE_SYS_SOCKET_H 1
| #define SELECT_TYPE_ARG1 int
| #define SELECT_TYPE_ARG234 (fd_set *)
| #define SELECT_TYPE_ARG5 (struct timeval *)
| #define HAVE_UTIME_H 1
| #define HAVE_UTIME_NULL 1
| #define HAVE_VPRINTF 1
| #define HAVE_ISHEXNUMBER 1
| #define HAVE_ERR 1
| #define HAVE_ERRX 1
| #define HAVE_WARN 1
| #define HAVE_WARNX 1
| #define HAVE_VASPRINTF 1
| #define HAVE_GETRUSAGE 1
| #define HAVE_STRLCPY 1
| #define HAVE_STRLCAT 1
| #define HAVE_PTHREAD 1
| #define HAVE_LIBSTDC__ 1
| #define HAVE_SQLITE3_H 1
| #define HAVE_LIBDL 1
| #define HAVE_LIBSQLITE3 1
| #define HAVE_ZLIB_H 1
| #define HAVE_LIBZ 1
| #define HAVE_LIBDL 1
| /* end confdefs.h.  */
| #include <libewf.h>
configure:20073: result: no
configure:20073: checking for libewf.h
configure:20073: result: no
configure:20163: checking libvhdi.h usability
configure:20163: gcc -c -g -O2  -D_THREAD_SAFE -pthread -I/usr/local/include conftest.c >&5
conftest.c:94:10: fatal error: 'libvhdi.h' file not found
#include <libvhdi.h>
         ^~~~~~~~~~~
1 error generated.
configure:20163: $? = 1
configure: failed program was:
| /* confdefs.h */
| #define PACKAGE_NAME "sleuthkit"
| #define PACKAGE_TARNAME "sleuthkit"
| #define PACKAGE_VERSION "4.10.1"
| #define PACKAGE_STRING "sleuthkit 4.10.1"
| #define PACKAGE_BUGREPORT ""
| #define PACKAGE_URL ""
| #define PACKAGE "sleuthkit"
| #define VERSION "4.10.1"
| #define STDC_HEADERS 1
| #define HAVE_SYS_TYPES_H 1
| #define HAVE_SYS_STAT_H 1
| #define HAVE_STDLIB_H 1
| #define HAVE_STRING_H 1
| #define HAVE_MEMORY_H 1
| #define HAVE_STRINGS_H 1
| #define HAVE_INTTYPES_H 1
| #define HAVE_STDINT_H 1
| #define HAVE_UNISTD_H 1
| #define HAVE_DLFCN_H 1
| #define LT_OBJDIR ".libs/"
| #define HAVE_CXX14 1
| #define STDC_HEADERS 1
| #define HAVE_ERR_H 1
| #define HAVE_INTTYPES_H 1
| #define HAVE_UNISTD_H 1
| #define HAVE_STDINT_H 1
| #define HAVE_SYS_PARAM_H 1
| #define HAVE_SYS_RESOURCE_H 1
| #define HAVE__BOOL 1
| #define HAVE_STDBOOL_H 1
| #define HAVE_ALLOCA_H 1
| #define HAVE_ALLOCA 1
| #define HAVE_FSEEKO 1
| #define HAVE_SYS_SELECT_H 1
| #define HAVE_SYS_SOCKET_H 1
| #define SELECT_TYPE_ARG1 int
| #define SELECT_TYPE_ARG234 (fd_set *)
| #define SELECT_TYPE_ARG5 (struct timeval *)
| #define HAVE_UTIME_H 1
| #define HAVE_UTIME_NULL 1
| #define HAVE_VPRINTF 1
| #define HAVE_ISHEXNUMBER 1
| #define HAVE_ERR 1
| #define HAVE_ERRX 1
| #define HAVE_WARN 1
| #define HAVE_WARNX 1
| #define HAVE_VASPRINTF 1
| #define HAVE_GETRUSAGE 1
| #define HAVE_STRLCPY 1
| #define HAVE_STRLCAT 1
| #define HAVE_PTHREAD 1
| #define HAVE_LIBSTDC__ 1
| #define HAVE_SQLITE3_H 1
| #define HAVE_LIBDL 1
| #define HAVE_LIBSQLITE3 1
| #define HAVE_ZLIB_H 1
| #define HAVE_LIBZ 1
| #define HAVE_LIBDL 1
| /* end confdefs.h.  */
| #include <stdio.h>
| #ifdef HAVE_SYS_TYPES_H
| # include <sys/types.h>
| #endif
| #ifdef HAVE_SYS_STAT_H
| # include <sys/stat.h>
| #endif
| #ifdef STDC_HEADERS
| # include <stdlib.h>
| # include <stddef.h>
| #else
| # ifdef HAVE_STDLIB_H
| #  include <stdlib.h>
| # endif
| #endif
| #ifdef HAVE_STRING_H
| # if !defined STDC_HEADERS && defined HAVE_MEMORY_H
| #  include <memory.h>
| # endif
| # include <string.h>
| #endif
| #ifdef HAVE_STRINGS_H
| # include <strings.h>
| #endif
| #ifdef HAVE_INTTYPES_H
| # include <inttypes.h>
| #endif
| #ifdef HAVE_STDINT_H
| # include <stdint.h>
| #endif
| #ifdef HAVE_UNISTD_H
| # include <unistd.h>
| #endif
| #include <libvhdi.h>
configure:20163: result: no
configure:20163: checking libvhdi.h presence
configure:20163: gcc -E  -D_THREAD_SAFE -pthread -I/usr/local/include conftest.c
conftest.c:61:10: fatal error: 'libvhdi.h' file not found
#include <libvhdi.h>
         ^~~~~~~~~~~
1 error generated.
configure:20163: $? = 1
configure: failed program was:
| /* confdefs.h */
| #define PACKAGE_NAME "sleuthkit"
| #define PACKAGE_TARNAME "sleuthkit"
| #define PACKAGE_VERSION "4.10.1"
| #define PACKAGE_STRING "sleuthkit 4.10.1"
| #define PACKAGE_BUGREPORT ""
| #define PACKAGE_URL ""
| #define PACKAGE "sleuthkit"
| #define VERSION "4.10.1"
| #define STDC_HEADERS 1
| #define HAVE_SYS_TYPES_H 1
| #define HAVE_SYS_STAT_H 1
| #define HAVE_STDLIB_H 1
| #define HAVE_STRING_H 1
| #define HAVE_MEMORY_H 1
| #define HAVE_STRINGS_H 1
| #define HAVE_INTTYPES_H 1
| #define HAVE_STDINT_H 1
| #define HAVE_UNISTD_H 1
| #define HAVE_DLFCN_H 1
| #define LT_OBJDIR ".libs/"
| #define HAVE_CXX14 1
| #define STDC_HEADERS 1
| #define HAVE_ERR_H 1
| #define HAVE_INTTYPES_H 1
| #define HAVE_UNISTD_H 1
| #define HAVE_STDINT_H 1
| #define HAVE_SYS_PARAM_H 1
| #define HAVE_SYS_RESOURCE_H 1
| #define HAVE__BOOL 1
| #define HAVE_STDBOOL_H 1
| #define HAVE_ALLOCA_H 1
| #define HAVE_ALLOCA 1
| #define HAVE_FSEEKO 1
| #define HAVE_SYS_SELECT_H 1
| #define HAVE_SYS_SOCKET_H 1
| #define SELECT_TYPE_ARG1 int
| #define SELECT_TYPE_ARG234 (fd_set *)
| #define SELECT_TYPE_ARG5 (struct timeval *)
| #define HAVE_UTIME_H 1
| #define HAVE_UTIME_NULL 1
| #define HAVE_VPRINTF 1
| #define HAVE_ISHEXNUMBER 1
| #define HAVE_ERR 1
| #define HAVE_ERRX 1
| #define HAVE_WARN 1
| #define HAVE_WARNX 1
| #define HAVE_VASPRINTF 1
| #define HAVE_GETRUSAGE 1
| #define HAVE_STRLCPY 1
| #define HAVE_STRLCAT 1
| #define HAVE_PTHREAD 1
| #define HAVE_LIBSTDC__ 1
| #define HAVE_SQLITE3_H 1
| #define HAVE_LIBDL 1
| #define HAVE_LIBSQLITE3 1
| #define HAVE_ZLIB_H 1
| #define HAVE_LIBZ 1
| #define HAVE_LIBDL 1
| /* end confdefs.h.  */
| #include <libvhdi.h>
configure:20163: result: no
configure:20163: checking for libvhdi.h
configure:20163: result: no
configure:20253: checking libvmdk.h usability
configure:20253: gcc -c -g -O2  -D_THREAD_SAFE -pthread -I/usr/local/include conftest.c >&5
conftest.c:94:10: fatal error: 'libvmdk.h' file not found
#include <libvmdk.h>
         ^~~~~~~~~~~
1 error generated.
configure:20253: $? = 1
configure: failed program was:
| /* confdefs.h */
| #define PACKAGE_NAME "sleuthkit"
| #define PACKAGE_TARNAME "sleuthkit"
| #define PACKAGE_VERSION "4.10.1"
| #define PACKAGE_STRING "sleuthkit 4.10.1"
| #define PACKAGE_BUGREPORT ""
| #define PACKAGE_URL ""
| #define PACKAGE "sleuthkit"
| #define VERSION "4.10.1"
| #define STDC_HEADERS 1
| #define HAVE_SYS_TYPES_H 1
| #define HAVE_SYS_STAT_H 1
| #define HAVE_STDLIB_H 1
| #define HAVE_STRING_H 1
| #define HAVE_MEMORY_H 1
| #define HAVE_STRINGS_H 1
| #define HAVE_INTTYPES_H 1
| #define HAVE_STDINT_H 1
| #define HAVE_UNISTD_H 1
| #define HAVE_DLFCN_H 1
| #define LT_OBJDIR ".libs/"
| #define HAVE_CXX14 1
| #define STDC_HEADERS 1
| #define HAVE_ERR_H 1
| #define HAVE_INTTYPES_H 1
| #define HAVE_UNISTD_H 1
| #define HAVE_STDINT_H 1
| #define HAVE_SYS_PARAM_H 1
| #define HAVE_SYS_RESOURCE_H 1
| #define HAVE__BOOL 1
| #define HAVE_STDBOOL_H 1
| #define HAVE_ALLOCA_H 1
| #define HAVE_ALLOCA 1
| #define HAVE_FSEEKO 1
| #define HAVE_SYS_SELECT_H 1
| #define HAVE_SYS_SOCKET_H 1
| #define SELECT_TYPE_ARG1 int
| #define SELECT_TYPE_ARG234 (fd_set *)
| #define SELECT_TYPE_ARG5 (struct timeval *)
| #define HAVE_UTIME_H 1
| #define HAVE_UTIME_NULL 1
| #define HAVE_VPRINTF 1
| #define HAVE_ISHEXNUMBER 1
| #define HAVE_ERR 1
| #define HAVE_ERRX 1
| #define HAVE_WARN 1
| #define HAVE_WARNX 1
| #define HAVE_VASPRINTF 1
| #define HAVE_GETRUSAGE 1
| #define HAVE_STRLCPY 1
| #define HAVE_STRLCAT 1
| #define HAVE_PTHREAD 1
| #define HAVE_LIBSTDC__ 1
| #define HAVE_SQLITE3_H 1
| #define HAVE_LIBDL 1
| #define HAVE_LIBSQLITE3 1
| #define HAVE_ZLIB_H 1
| #define HAVE_LIBZ 1
| #define HAVE_LIBDL 1
| /* end confdefs.h.  */
| #include <stdio.h>
| #ifdef HAVE_SYS_TYPES_H
| # include <sys/types.h>
| #endif
| #ifdef HAVE_SYS_STAT_H
| # include <sys/stat.h>
| #endif
| #ifdef STDC_HEADERS
| # include <stdlib.h>
| # include <stddef.h>
| #else
| # ifdef HAVE_STDLIB_H
| #  include <stdlib.h>
| # endif
| #endif
| #ifdef HAVE_STRING_H
| # if !defined STDC_HEADERS && defined HAVE_MEMORY_H
| #  include <memory.h>
| # endif
| # include <string.h>
| #endif
| #ifdef HAVE_STRINGS_H
| # include <strings.h>
| #endif
| #ifdef HAVE_INTTYPES_H
| # include <inttypes.h>
| #endif
| #ifdef HAVE_STDINT_H
| # include <stdint.h>
| #endif
| #ifdef HAVE_UNISTD_H
| # include <unistd.h>
| #endif
| #include <libvmdk.h>
configure:20253: result: no
configure:20253: checking libvmdk.h presence
configure:20253: gcc -E  -D_THREAD_SAFE -pthread -I/usr/local/include conftest.c
conftest.c:61:10: fatal error: 'libvmdk.h' file not found
#include <libvmdk.h>
         ^~~~~~~~~~~
1 error generated.
configure:20253: $? = 1
configure: failed program was:
| /* confdefs.h */
| #define PACKAGE_NAME "sleuthkit"
| #define PACKAGE_TARNAME "sleuthkit"
| #define PACKAGE_VERSION "4.10.1"
| #define PACKAGE_STRING "sleuthkit 4.10.1"
| #define PACKAGE_BUGREPORT ""
| #define PACKAGE_URL ""
| #define PACKAGE "sleuthkit"
| #define VERSION "4.10.1"
| #define STDC_HEADERS 1
| #define HAVE_SYS_TYPES_H 1
| #define HAVE_SYS_STAT_H 1
| #define HAVE_STDLIB_H 1
| #define HAVE_STRING_H 1
| #define HAVE_MEMORY_H 1
| #define HAVE_STRINGS_H 1
| #define HAVE_INTTYPES_H 1
| #define HAVE_STDINT_H 1
| #define HAVE_UNISTD_H 1
| #define HAVE_DLFCN_H 1
| #define LT_OBJDIR ".libs/"
| #define HAVE_CXX14 1
| #define STDC_HEADERS 1
| #define HAVE_ERR_H 1
| #define HAVE_INTTYPES_H 1
| #define HAVE_UNISTD_H 1
| #define HAVE_STDINT_H 1
| #define HAVE_SYS_PARAM_H 1
| #define HAVE_SYS_RESOURCE_H 1
| #define HAVE__BOOL 1
| #define HAVE_STDBOOL_H 1
| #define HAVE_ALLOCA_H 1
| #define HAVE_ALLOCA 1
| #define HAVE_FSEEKO 1
| #define HAVE_SYS_SELECT_H 1
| #define HAVE_SYS_SOCKET_H 1
| #define SELECT_TYPE_ARG1 int
| #define SELECT_TYPE_ARG234 (fd_set *)
| #define SELECT_TYPE_ARG5 (struct timeval *)
| #define HAVE_UTIME_H 1
| #define HAVE_UTIME_NULL 1
| #define HAVE_VPRINTF 1
| #define HAVE_ISHEXNUMBER 1
| #define HAVE_ERR 1
| #define HAVE_ERRX 1
| #define HAVE_WARN 1
| #define HAVE_WARNX 1
| #define HAVE_VASPRINTF 1
| #define HAVE_GETRUSAGE 1
| #define HAVE_STRLCPY 1
| #define HAVE_STRLCAT 1
| #define HAVE_PTHREAD 1
| #define HAVE_LIBSTDC__ 1
| #define HAVE_SQLITE3_H 1
| #define HAVE_LIBDL 1
| #define HAVE_LIBSQLITE3 1
| #define HAVE_ZLIB_H 1
| #define HAVE_LIBZ 1
| #define HAVE_LIBDL 1
| /* end confdefs.h.  */
| #include <libvmdk.h>
configure:20253: result: no
configure:20253: checking for libvmdk.h
configure:20253: result: no
configure:20327: checking for gcj
configure:20357: result: no
configure:20327: checking for guavac
configure:20357: result: no
configure:20327: checking for jikes
configure:20357: result: no
configure:20327: checking for javac
configure:20343: found /usr/bin/javac
configure:20354: result: javac
configure:20413: checking if javac works
configure:20427: javac  Test.java
configure:20430: $? = 0
configure:20442: result: yes
configure:20459: checking for javac
configure:20477: found /usr/bin/javac
configure:20490: result: /usr/bin/javac
configure:20505: checking symlink for /usr/bin/javac
configure:20513: result: /System/Library/Frameworks/JavaVM.framework/Versions/Current/Commands/javac
configure:20532: _JTOPDIR=/System/Library/Frameworks/JavaVM.framework/Versions/Current
configure:20533: _JINC=/System/Library/Frameworks/JavaVM.framework/Versions/Current/Headers
configure:20539: checking for /System/Library/Frameworks/JavaVM.framework/Versions/Current/Headers/jni.h
configure:20553: result: no
configure:20560: checking for /System/Library/Frameworks/JavaVM.framework/Versions/include/jni.h
configure:20574: result: no
configure:20621: checking for kaffe
configure:20651: result: no
configure:20621: checking for java
configure:20637: found /usr/bin/java
configure:20648: result: java
configure:20709: checking for uudecode
configure:20725: found /usr/bin/uudecode
configure:20736: result: yes
configure:20746: checking if uudecode can decode base 64 file
configure:20773: result: yes
configure:20912: checking if java works
configure:20945: java  Test
configure:20948: $? = 0
configure:20959: result: yes
configure:20968: checking for ant
configure:21001: result: no
configure:21026: checking if libtool needs -no-undefined flag to build shared libraries
configure:21036: result: no
configure:21043: checking for getline
configure:21043: gcc -o conftest -g -O2  -D_THREAD_SAFE -pthread -I/usr/local/include  -D_THREAD_SAFE -pthread -L/usr/local/lib conftest.c -ldl -lz -lsqlite3 -ldl -lstdc++  >&5
configure:21043: $? = 0
configure:21043: result: yes
configure:21052: checking for library containing regexec
configure:21083: gcc -o conftest -g -O2  -D_THREAD_SAFE -pthread -I/usr/local/include  -D_THREAD_SAFE -pthread -L/usr/local/lib conftest.c -ldl -lz -lsqlite3 -ldl -lstdc++  >&5
configure:21083: $? = 0
configure:21100: result: none required
configure:21234: checking that generated files are newer than configure
configure:21240: result: done
configure:21295: creating ./config.status

## ---------------------- ##
## Running config.status. ##
## ---------------------- ##

This file was extended by sleuthkit config.status 4.10.1, which was
generated by GNU Autoconf 2.69.  Invocation command line was

  CONFIG_FILES    = 
  CONFIG_HEADERS  = 
  CONFIG_LINKS    = 
  CONFIG_COMMANDS = 
  $ ./config.status 

on HyungChanui-MacBookPro.local

config.status:1250: creating Makefile
config.status:1250: creating tsk/Makefile
config.status:1250: creating tsk/base/Makefile
config.status:1250: creating tsk/img/Makefile
config.status:1250: creating tsk/vs/Makefile
config.status:1250: creating tsk/fs/Makefile
config.status:1250: creating tsk/hashdb/Makefile
config.status:1250: creating tsk/auto/Makefile
config.status:1250: creating tsk/pool/Makefile
config.status:1250: creating tsk/util/Makefile
config.status:1250: creating tools/Makefile
config.status:1250: creating tools/imgtools/Makefile
config.status:1250: creating tools/vstools/Makefile
config.status:1250: creating tools/fstools/Makefile
config.status:1250: creating tools/hashtools/Makefile
config.status:1250: creating tools/srchtools/Makefile
config.status:1250: creating tools/autotools/Makefile
config.status:1250: creating tools/pooltools/Makefile
config.status:1250: creating tools/sorter/Makefile
config.status:1250: creating tools/timeline/Makefile
config.status:1250: creating tools/fiwalk/Makefile
config.status:1250: creating tools/fiwalk/src/Makefile
config.status:1250: creating tools/fiwalk/plugins/Makefile
config.status:1250: creating tests/Makefile
config.status:1250: creating samples/Makefile
config.status:1250: creating man/Makefile
config.status:1250: creating bindings/java/Makefile
config.status:1250: creating bindings/java/jni/Makefile
config.status:1250: creating case-uco/java/Makefile
config.status:1250: creating unit_tests/Makefile
config.status:1250: creating unit_tests/base/Makefile
config.status:1250: creating tsk/tsk_config.h
config.status:1431: tsk/tsk_config.h is unchanged
config.status:1479: executing depfiles commands
config.status:1556: cd tsk/base       && sed -e '/# am--include-marker/d' Makefile         | make -f - am--depfiles
make: Nothing to be done for `am--depfiles'.
config.status:1561: $? = 0
config.status:1556: cd tsk/img       && sed -e '/# am--include-marker/d' Makefile         | make -f - am--depfiles
make: Nothing to be done for `am--depfiles'.
config.status:1561: $? = 0
config.status:1556: cd tsk/vs       && sed -e '/# am--include-marker/d' Makefile         | make -f - am--depfiles
make: Nothing to be done for `am--depfiles'.
config.status:1561: $? = 0
config.status:1556: cd tsk/fs       && sed -e '/# am--include-marker/d' Makefile         | make -f - am--depfiles
make: Nothing to be done for `am--depfiles'.
config.status:1561: $? = 0
config.status:1556: cd tsk/hashdb       && sed -e '/# am--include-marker/d' Makefile         | make -f - am--depfiles
make: Nothing to be done for `am--depfiles'.
config.status:1561: $? = 0
config.status:1556: cd tsk/auto       && sed -e '/# am--include-marker/d' Makefile         | make -f - am--depfiles
make: Nothing to be done for `am--depfiles'.
config.status:1561: $? = 0
config.status:1556: cd tsk/pool       && sed -e '/# am--include-marker/d' Makefile         | make -f - am--depfiles
make: Nothing to be done for `am--depfiles'.
config.status:1561: $? = 0
config.status:1556: cd tsk/util       && sed -e '/# am--include-marker/d' Makefile         | make -f - am--depfiles
make: Nothing to be done for `am--depfiles'.
config.status:1561: $? = 0
config.status:1556: cd tools/imgtools       && sed -e '/# am--include-marker/d' Makefile         | make -f - am--depfiles
make: Nothing to be done for `am--depfiles'.
config.status:1561: $? = 0
config.status:1556: cd tools/vstools       && sed -e '/# am--include-marker/d' Makefile         | make -f - am--depfiles
make: Nothing to be done for `am--depfiles'.
config.status:1561: $? = 0
config.status:1556: cd tools/fstools       && sed -e '/# am--include-marker/d' Makefile         | make -f - am--depfiles
make: Nothing to be done for `am--depfiles'.
config.status:1561: $? = 0
config.status:1556: cd tools/hashtools       && sed -e '/# am--include-marker/d' Makefile         | make -f - am--depfiles
make: Nothing to be done for `am--depfiles'.
config.status:1561: $? = 0
config.status:1556: cd tools/srchtools       && sed -e '/# am--include-marker/d' Makefile         | make -f - am--depfiles
make: Nothing to be done for `am--depfiles'.
config.status:1561: $? = 0
config.status:1556: cd tools/autotools       && sed -e '/# am--include-marker/d' Makefile         | make -f - am--depfiles
config.status:1561: $? = 0
config.status:1556: cd tools/pooltools       && sed -e '/# am--include-marker/d' Makefile         | make -f - am--depfiles
make: Nothing to be done for `am--depfiles'.
config.status:1561: $? = 0
config.status:1556: cd tools/fiwalk/src       && sed -e '/# am--include-marker/d' Makefile         | make -f - am--depfiles
make: Nothing to be done for `am--depfiles'.
config.status:1561: $? = 0
config.status:1556: cd tools/fiwalk/plugins       && sed -e '/# am--include-marker/d' Makefile         | make -f - am--depfiles
make: Nothing to be done for `am--depfiles'.
config.status:1561: $? = 0
config.status:1556: cd tests       && sed -e '/# am--include-marker/d' Makefile         | make -f - am--depfiles
make: Nothing to be done for `am--depfiles'.
config.status:1561: $? = 0
config.status:1556: cd samples       && sed -e '/# am--include-marker/d' Makefile         | make -f - am--depfiles
make: Nothing to be done for `am--depfiles'.
config.status:1561: $? = 0
config.status:1556: cd bindings/java/jni       && sed -e '/# am--include-marker/d' Makefile         | make -f - am--depfiles
make: Nothing to be done for `am--depfiles'.
config.status:1561: $? = 0
config.status:1556: cd unit_tests/base       && sed -e '/# am--include-marker/d' Makefile         | make -f - am--depfiles
make: Nothing to be done for `am--depfiles'.
config.status:1561: $? = 0
config.status:1479: executing libtool commands
config.status:1479: executing tsk/tsk_incs.h commands
configure:23777:
Building:
   afflib support:                        no
   libewf support:                        no
   zlib support:                          yes

   libvhdi support:                       no
   libvmdk support:                       no
Features:
   Java/JNI support:                      no
   Multithreading:                        yes


## ---------------- ##
## Cache variables. ##
## ---------------- ##

ac_cv_build=x86_64-apple-darwin18.7.0
ac_cv_c_compiler_gnu=yes
ac_cv_c_const=yes
ac_cv_cxx_compiler_gnu=yes
ac_cv_env_CCC_set=
ac_cv_env_CCC_value=
ac_cv_env_CC_set=
ac_cv_env_CC_value=
ac_cv_env_CFLAGS_set=
ac_cv_env_CFLAGS_value=
ac_cv_env_CPPFLAGS_set=
ac_cv_env_CPPFLAGS_value=
ac_cv_env_CPP_set=
ac_cv_env_CPP_value=
ac_cv_env_CXXCPP_set=
ac_cv_env_CXXCPP_value=
ac_cv_env_CXXFLAGS_set=
ac_cv_env_CXXFLAGS_value=
ac_cv_env_CXX_set=
ac_cv_env_CXX_value=
ac_cv_env_LDFLAGS_set=
ac_cv_env_LDFLAGS_value=
ac_cv_env_LIBS_set=
ac_cv_env_LIBS_value=
ac_cv_env_LT_SYS_LIBRARY_PATH_set=
ac_cv_env_LT_SYS_LIBRARY_PATH_value=
ac_cv_env_build_alias_set=
ac_cv_env_build_alias_value=
ac_cv_env_host_alias_set=
ac_cv_env_host_alias_value=
ac_cv_env_target_alias_set=
ac_cv_env_target_alias_value=
ac_cv_file__System_Library_Frameworks_JavaVM_framework_Versions_Current_Headers_jni_h=no
ac_cv_file__System_Library_Frameworks_JavaVM_framework_Versions_include_jni_h=no
ac_cv_func__doprnt=no
ac_cv_func_alloca_works=yes
ac_cv_func_err=yes
ac_cv_func_errx=yes
ac_cv_func_getline=yes
ac_cv_func_getrusage=yes
ac_cv_func_ishexnumber=yes
ac_cv_func_lstat_dereferences_slashed_symlink=no
ac_cv_func_lstat_empty_string_bug=no
ac_cv_func_select_args='int,fd_set *,struct timeval *'
ac_cv_func_strlcat=yes
ac_cv_func_strlcpy=yes
ac_cv_func_utime_null=yes
ac_cv_func_vasprintf=yes
ac_cv_func_vprintf=yes
ac_cv_func_warn=yes
ac_cv_func_warnx=yes
ac_cv_header_afflib_afflib_h=no
ac_cv_header_dlfcn_h=yes
ac_cv_header_err_h=yes
ac_cv_header_inttypes_h=yes
ac_cv_header_libewf_h=no
ac_cv_header_libvhdi_h=no
ac_cv_header_libvmdk_h=no
ac_cv_header_list=no
ac_cv_header_map=no
ac_cv_header_memory_h=yes
ac_cv_header_queue=no
ac_cv_header_set=no
ac_cv_header_sqlite3_h=yes
ac_cv_header_stack=no
ac_cv_header_stdbool_h=yes
ac_cv_header_stdc=yes
ac_cv_header_stdint_h=yes
ac_cv_header_stdlib_h=yes
ac_cv_header_streambuf=no
ac_cv_header_string=no
ac_cv_header_string_h=yes
ac_cv_header_strings_h=yes
ac_cv_header_sys_param_h=yes
ac_cv_header_sys_resource_h=yes
ac_cv_header_sys_select_h=yes
ac_cv_header_sys_socket_h=yes
ac_cv_header_sys_stat_h=yes
ac_cv_header_sys_types_h=yes
ac_cv_header_unistd_h=yes
ac_cv_header_utime_h=yes
ac_cv_header_vector=no
ac_cv_header_zlib_h=yes
ac_cv_host=x86_64-apple-darwin18.7.0
ac_cv_lib_dl_dlopen=yes
ac_cv_lib_error_at_line=no
ac_cv_lib_sqlite3_sqlite3_open=yes
ac_cv_lib_stdcpp_main=yes
ac_cv_lib_z_inflate=yes
ac_cv_objext=o
ac_cv_path_CPPUNIT_CONFIG=no
ac_cv_path_EGREP='/usr/bin/grep -E'
ac_cv_path_FGREP='/usr/bin/grep -F'
ac_cv_path_GREP=/usr/bin/grep
ac_cv_path_PERL=/usr/bin/perl
ac_cv_path_SED=/usr/bin/sed
ac_cv_path__ACJNI_JAVAC=/usr/bin/javac
ac_cv_path_install='/usr/bin/install -c'
ac_cv_path_lt_DD=/bin/dd
ac_cv_prog_AWK=awk
ac_cv_prog_CPP='gcc -E'
ac_cv_prog_CXXCPP='g++ -E'
ac_cv_prog_JAVA=java
ac_cv_prog_JAVAC=javac
ac_cv_prog_ac_ct_AR=ar
ac_cv_prog_ac_ct_CC=gcc
ac_cv_prog_ac_ct_CXX=g++
ac_cv_prog_ac_ct_DSYMUTIL=dsymutil
ac_cv_prog_ac_ct_LIPO=lipo
ac_cv_prog_ac_ct_NMEDIT=nmedit
ac_cv_prog_ac_ct_OBJDUMP=objdump
ac_cv_prog_ac_ct_OTOOL=otool
ac_cv_prog_ac_ct_RANLIB=ranlib
ac_cv_prog_ac_ct_STRIP=strip
ac_cv_prog_cc_c89=
ac_cv_prog_cc_g=yes
ac_cv_prog_cxx_g=yes
ac_cv_prog_gcc_traditional=no
ac_cv_prog_java_works=yes
ac_cv_prog_javac_works=yes
ac_cv_prog_make_make_set=yes
ac_cv_prog_uudecode=yes
ac_cv_prog_uudecode_base64=yes
ac_cv_search_regexec='none required'
ac_cv_sys_file_offset_bits=no
ac_cv_sys_largefile_CC=no
ac_cv_sys_largefile_source=no
ac_cv_type__Bool=yes
ac_cv_type_mode_t=yes
ac_cv_type_off_t=yes
ac_cv_type_size_t=yes
ac_cv_type_uid_t=yes
ac_cv_working_alloca_h=yes
am_cv_CC_dependencies_compiler_type=gcc3
am_cv_CXX_dependencies_compiler_type=gcc3
am_cv_make_support_nested_variables=yes
am_cv_prog_cc_c_o=yes
am_cv_prog_tar_ustar=gnutar
ax_cv_cxx_compile_cxx14__std_cpp14=yes
lt_cv_apple_cc_single_mod=yes
lt_cv_ar_at_file=no
lt_cv_deplibs_check_method=pass_all
lt_cv_file_magic_cmd='$MAGIC_CMD'
lt_cv_file_magic_test_file=
lt_cv_ld_exported_symbols_list=yes
lt_cv_ld_force_load=yes
lt_cv_ld_reload_flag=-r
lt_cv_nm_interface='BSD nm'
lt_cv_objdir=.libs
lt_cv_path_LD=/Applications/Xcode.app/Contents/Developer/Toolchains/XcodeDefault.xctoolchain/usr/bin/ld
lt_cv_path_LDCXX=/Applications/Xcode.app/Contents/Developer/Toolchains/XcodeDefault.xctoolchain/usr/bin/ld
lt_cv_path_NM='/usr/bin/nm -B'
lt_cv_path_mainfest_tool=no
lt_cv_prog_compiler_c_o=yes
lt_cv_prog_compiler_c_o_CXX=yes
lt_cv_prog_compiler_pic='-fno-common -DPIC'
lt_cv_prog_compiler_pic_CXX='-fno-common -DPIC'
lt_cv_prog_compiler_pic_works=yes
lt_cv_prog_compiler_pic_works_CXX=yes
lt_cv_prog_compiler_rtti_exceptions=yes
lt_cv_prog_compiler_static_works=no
lt_cv_prog_compiler_static_works_CXX=no
lt_cv_prog_gnu_ld=no
lt_cv_prog_gnu_ldcxx=no
lt_cv_sharedlib_from_linklib_cmd='printf %s\n'
lt_cv_sys_global_symbol_pipe='sed -n -e '\''s/^.*[	 ]\([BCDEGRST][BCDEGRST]*\)[	 ][	 ]*_\([_A-Za-z][_A-Za-z0-9]*\)$/\1 _\2 \2/p'\'' | sed '\''/ __gnu_lto/d'\'''
lt_cv_sys_global_symbol_to_c_name_address='sed -n -e '\''s/^: \(.*\) .*$/  {"\1", (void *) 0},/p'\'' -e '\''s/^[BCDEGRST][BCDEGRST]* .* \(.*\)$/  {"\1", (void *) \&\1},/p'\'''
lt_cv_sys_global_symbol_to_c_name_address_lib_prefix='sed -n -e '\''s/^: \(.*\) .*$/  {"\1", (void *) 0},/p'\'' -e '\''s/^[BCDEGRST][BCDEGRST]* .* \(lib.*\)$/  {"\1", (void *) \&\1},/p'\'' -e '\''s/^[BCDEGRST][BCDEGRST]* .* \(.*\)$/  {"lib\1", (void *) \&\1},/p'\'''
lt_cv_sys_global_symbol_to_cdecl='sed -n -e '\''s/^T .* \(.*\)$/extern int \1();/p'\'' -e '\''s/^[BCDEGRST][BCDEGRST]* .* \(.*\)$/extern char \1;/p'\'''
lt_cv_sys_global_symbol_to_import=
lt_cv_sys_max_cmd_len=196608
lt_cv_to_host_file_cmd=func_convert_file_noop
lt_cv_to_tool_file_cmd=func_convert_file_noop
lt_cv_truncate_bin='/bin/dd bs=4096 count=1'

## ----------------- ##
## Output variables. ##
## ----------------- ##

ACLOCAL='${SHELL} /Users/hyungchankim/NSR_android/config/missing aclocal-1.16'
ALLOCA=''
AMDEPBACKSLASH='\'
AMDEP_FALSE='#'
AMDEP_TRUE=''
AMTAR='$${TAR-tar}'
AM_BACKSLASH='\'
AM_CFLAGS='-Wall -Wextra -Wno-unused-parameter'
AM_CXXFLAGS='-Wall -Wextra -Wno-unused-parameter'
AM_DEFAULT_V='$(AM_DEFAULT_VERBOSITY)'
AM_DEFAULT_VERBOSITY='1'
AM_V='$(V)'
ANT_FOUND=''
AR='ar'
AUTOCONF='${SHELL} /Users/hyungchankim/NSR_android/config/missing autoconf'
AUTOHEADER='${SHELL} /Users/hyungchankim/NSR_android/config/missing autoheader'
AUTOMAKE='${SHELL} /Users/hyungchankim/NSR_android/config/missing automake-1.16'
AWK='awk'
CC='gcc'
CCDEPMODE='depmode=gcc3'
CFLAGS='-g -O2'
CPP='gcc -E'
CPPFLAGS=' -D_THREAD_SAFE -pthread -I/usr/local/include'
CPPUNIT_CFLAGS=''
CPPUNIT_CONFIG='no'
CPPUNIT_FALSE=''
CPPUNIT_LIBS=''
CPPUNIT_TRUE='#'
CXX='g++ -std=c++14'
CXXCPP='g++ -E -std=c++14'
CXXDEPMODE='depmode=gcc3'
CXXFLAGS='-g -O2'
CYGPATH_W='echo'
DEFS='-DHAVE_CONFIG_H'
DEPDIR='.deps'
DLLTOOL='false'
DSYMUTIL='dsymutil'
DUMPBIN=''
ECHO_C='\c'
ECHO_N=''
ECHO_T=''
EGREP='/usr/bin/grep -E'
EXEEXT=''
FGREP='/usr/bin/grep -F'
GREP='/usr/bin/grep'
HAVE_CXX14='1'
HAVE_LIBSQLITE3_FALSE='#'
HAVE_LIBSQLITE3_TRUE=''
INSTALL_DATA='${INSTALL} -m 644'
INSTALL_PROGRAM='${INSTALL}'
INSTALL_SCRIPT='${INSTALL}'
INSTALL_STRIP_PROGRAM='$(install_sh) -c -s'
JAVA='java'
JAVAC='javac'
JNI_CPPFLAGS=''
LD='/Applications/Xcode.app/Contents/Developer/Toolchains/XcodeDefault.xctoolchain/usr/bin/ld'
LDFLAGS=' -D_THREAD_SAFE -pthread -L/usr/local/lib'
LIBOBJS=' ${LIBOBJDIR}error$U.o ${LIBOBJDIR}lstat$U.o'
LIBS='-ldl -lz -lsqlite3 -ldl -lstdc++ '
LIBTOOL='$(SHELL) $(top_builddir)/libtool'
LIBTSK_LDFLAGS=''
LIPO='lipo'
LN_S='ln -s'
LTLIBOBJS=' ${LIBOBJDIR}error$U.lo ${LIBOBJDIR}lstat$U.lo'
LT_SYS_LIBRARY_PATH=''
MAINT='#'
MAINTAINER_MODE_FALSE=''
MAINTAINER_MODE_TRUE='#'
MAKEINFO='${SHELL} /Users/hyungchankim/NSR_android/config/missing makeinfo'
MANIFEST_TOOL=':'
MKDIR_P='config/install-sh -c -d'
NM='/usr/bin/nm -B'
NMEDIT='nmedit'
OBJDUMP='objdump'
OBJEXT='o'
OFFLINE_FALSE=''
OFFLINE_TRUE='#'
OTOOL64=':'
OTOOL='otool'
PACKAGE='sleuthkit'
PACKAGE_BUGREPORT=''
PACKAGE_NAME='sleuthkit'
PACKAGE_STRING='sleuthkit 4.10.1'
PACKAGE_TARNAME='sleuthkit'
PACKAGE_URL=''
PACKAGE_VERSION='4.10.1'
PATH_SEPARATOR=':'
PERL='/usr/bin/perl'
PTHREAD_CC='gcc'
PTHREAD_CFLAGS='-D_THREAD_SAFE -pthread'
PTHREAD_LIBS=''
RANLIB='ranlib'
SED='/usr/bin/sed'
SET_MAKE=''
SHELL='/bin/sh'
STRIP='strip'
VERSION='4.10.1'
X_JNI_FALSE=''
X_JNI_TRUE='#'
X_ZLIB_FALSE=''
X_ZLIB_TRUE='#'
Z_PATH='yes/lib'
_ACJNI_JAVAC='/usr/bin/javac'
ac_ct_AR='ar'
ac_ct_CC='gcc'
ac_ct_CXX='g++'
ac_ct_DUMPBIN=''
am__EXEEXT_FALSE=''
am__EXEEXT_TRUE='#'
am__fastdepCC_FALSE='#'
am__fastdepCC_TRUE=''
am__fastdepCXX_FALSE='#'
am__fastdepCXX_TRUE=''
am__include='include'
am__isrc=''
am__leading_dot='.'
am__nodep='_no'
am__quote=''
am__tar='tar --format=ustar -chf - "$$tardir"'
am__untar='tar -xf -'
ax_pthread_config=''
bindir='${exec_prefix}/bin'
build='x86_64-apple-darwin18.7.0'
build_alias=''
build_cpu='x86_64'
build_os='darwin18.7.0'
build_vendor='apple'
datadir='${datarootdir}'
datarootdir='${prefix}/share'
docdir='${datarootdir}/doc/${PACKAGE_TARNAME}'
dvidir='${docdir}'
exec_prefix='${prefix}'
host='x86_64-apple-darwin18.7.0'
host_alias=''
host_cpu='x86_64'
host_os='darwin18.7.0'
host_vendor='apple'
htmldir='${docdir}'
includedir='${prefix}/include'
infodir='${datarootdir}/info'
install_sh='${SHELL} /Users/hyungchankim/NSR_android/config/install-sh'
libdir='${exec_prefix}/lib'
libexecdir='${exec_prefix}/libexec'
localedir='${datarootdir}/locale'
localstatedir='${prefix}/var'
mandir='${datarootdir}/man'
mkdir_p='$(MKDIR_P)'
oldincludedir='/usr/include'
pdfdir='${docdir}'
prefix='/usr/local'
program_transform_name='s,x,x,'
psdir='${docdir}'
sbindir='${exec_prefix}/sbin'
sharedstatedir='${prefix}/com'
sysconfdir='${prefix}/etc'
target_alias=''
uudecode='yes'

## ----------- ##
## confdefs.h. ##
## ----------- ##

/* confdefs.h */
#define PACKAGE_NAME "sleuthkit"
#define PACKAGE_TARNAME "sleuthkit"
#define PACKAGE_VERSION "4.10.1"
#define PACKAGE_STRING "sleuthkit 4.10.1"
#define PACKAGE_BUGREPORT ""
#define PACKAGE_URL ""
#define PACKAGE "sleuthkit"
#define VERSION "4.10.1"
#define STDC_HEADERS 1
#define HAVE_SYS_TYPES_H 1
#define HAVE_SYS_STAT_H 1
#define HAVE_STDLIB_H 1
#define HAVE_STRING_H 1
#define HAVE_MEMORY_H 1
#define HAVE_STRINGS_H 1
#define HAVE_INTTYPES_H 1
#define HAVE_STDINT_H 1
#define HAVE_UNISTD_H 1
#define HAVE_DLFCN_H 1
#define LT_OBJDIR ".libs/"
#define HAVE_CXX14 1
#define STDC_HEADERS 1
#define HAVE_ERR_H 1
#define HAVE_INTTYPES_H 1
#define HAVE_UNISTD_H 1
#define HAVE_STDINT_H 1
#define HAVE_SYS_PARAM_H 1
#define HAVE_SYS_RESOURCE_H 1
#define HAVE__BOOL 1
#define HAVE_STDBOOL_H 1
#define HAVE_ALLOCA_H 1
#define HAVE_ALLOCA 1
#define HAVE_FSEEKO 1
#define HAVE_SYS_SELECT_H 1
#define HAVE_SYS_SOCKET_H 1
#define SELECT_TYPE_ARG1 int
#define SELECT_TYPE_ARG234 (fd_set *)
#define SELECT_TYPE_ARG5 (struct timeval *)
#define HAVE_UTIME_H 1
#define HAVE_UTIME_NULL 1
#define HAVE_VPRINTF 1
#define HAVE_ISHEXNUMBER 1
#define HAVE_ERR 1
#define HAVE_ERRX 1
#define HAVE_WARN 1
#define HAVE_WARNX 1
#define HAVE_VASPRINTF 1
#define HAVE_GETRUSAGE 1
#define HAVE_STRLCPY 1
#define HAVE_STRLCAT 1
#define HAVE_PTHREAD 1
#define HAVE_LIBSTDC__ 1
#define HAVE_SQLITE3_H 1
#define HAVE_LIBDL 1
#define HAVE_LIBSQLITE3 1
#define HAVE_ZLIB_H 1
#define HAVE_LIBZ 1
#define HAVE_LIBDL 1
#define HAVE_GETLINE 1

configure: exit 0
